2025-07-04 10:33:42,464 INFO Training model: 1_layer (hidden=[])
2025-07-04 10:35:19,022 INFO Training model: 1_layer (hidden=[])
2025-07-04 10:35:53,926 INFO Training model: 1_layer (hidden=[])
2025-07-04 10:35:55,903 INFO Epoch 1/10
2025-07-04 10:35:55,903 INFO Train Loss: 0.4109, Train Acc: 0.8069
2025-07-04 10:35:55,903 INFO Test Loss: 0.2460, Test Acc: 0.9075
2025-07-04 10:35:55,903 INFO --------------------------------------------------
2025-07-04 10:35:56,038 INFO Epoch 2/10
2025-07-04 10:35:56,038 INFO Train Loss: 0.2083, Train Acc: 0.9213
2025-07-04 10:35:56,038 INFO Test Loss: 0.1305, Test Acc: 0.9500
2025-07-04 10:35:56,041 INFO --------------------------------------------------
2025-07-04 10:35:56,188 INFO Epoch 3/10
2025-07-04 10:35:56,188 INFO Train Loss: 0.1363, Train Acc: 0.9506
2025-07-04 10:35:56,188 INFO Test Loss: 0.1033, Test Acc: 0.9575
2025-07-04 10:35:56,188 INFO --------------------------------------------------
2025-07-04 10:35:56,313 INFO Epoch 4/10
2025-07-04 10:35:56,313 INFO Train Loss: 0.1061, Train Acc: 0.9625
2025-07-04 10:35:56,313 INFO Test Loss: 0.0792, Test Acc: 0.9625
2025-07-04 10:35:56,313 INFO --------------------------------------------------
2025-07-04 10:35:56,454 INFO Epoch 5/10
2025-07-04 10:35:56,454 INFO Train Loss: 0.0973, Train Acc: 0.9681
2025-07-04 10:35:56,454 INFO Test Loss: 0.0847, Test Acc: 0.9675
2025-07-04 10:35:56,454 INFO --------------------------------------------------
2025-07-04 10:35:56,575 INFO Epoch 6/10
2025-07-04 10:35:56,575 INFO Train Loss: 0.0864, Train Acc: 0.9712
2025-07-04 10:35:56,575 INFO Test Loss: 0.0700, Test Acc: 0.9725
2025-07-04 10:35:56,575 INFO --------------------------------------------------
2025-07-04 10:35:56,726 INFO Epoch 7/10
2025-07-04 10:35:56,726 INFO Train Loss: 0.0839, Train Acc: 0.9688
2025-07-04 10:35:56,726 INFO Test Loss: 0.0861, Test Acc: 0.9775
2025-07-04 10:35:56,726 INFO --------------------------------------------------
2025-07-04 10:35:56,872 INFO Epoch 8/10
2025-07-04 10:35:56,873 INFO Train Loss: 0.0668, Train Acc: 0.9788
2025-07-04 10:35:56,873 INFO Test Loss: 0.0861, Test Acc: 0.9725
2025-07-04 10:35:56,873 INFO --------------------------------------------------
2025-07-04 10:35:57,068 INFO Epoch 9/10
2025-07-04 10:35:57,068 INFO Train Loss: 0.0693, Train Acc: 0.9769
2025-07-04 10:35:57,068 INFO Test Loss: 0.0573, Test Acc: 0.9800
2025-07-04 10:35:57,068 INFO --------------------------------------------------
2025-07-04 10:35:57,167 INFO Epoch 10/10
2025-07-04 10:35:57,167 INFO Train Loss: 0.0535, Train Acc: 0.9831
2025-07-04 10:35:57,167 INFO Test Loss: 0.0654, Test Acc: 0.9825
2025-07-04 10:35:57,167 INFO --------------------------------------------------
2025-07-04 10:35:57,167 INFO Experiment results: {'train_losses': [0.4109414941072464, 0.20825645327568054, 0.13632638171315192, 0.10611017532646656, 0.09734262838959694, 0.08644327625632287, 0.08387511387467385, 0.06684553831815719, 0.0693002463132143, 0.05349301550537348], 'train_accs': [0.806875, 0.92125, 0.950625, 0.9625, 0.968125, 0.97125, 0.96875, 0.97875, 0.976875, 0.983125], 'test_losses': [0.24598486721515656, 0.13053248450160027, 0.10330774262547493, 0.07920376397669315, 0.08465837314724922, 0.06999870575964451, 0.0861348994076252, 0.08605336397886276, 0.057256368920207024, 0.06539657711982727], 'test_accs': [0.9075, 0.95, 0.9575, 0.9625, 0.9675, 0.9725, 0.9775, 0.9725, 0.98, 0.9825]}
2025-07-04 10:35:57,390 INFO 1_layer: Final train_acc=0.9831, test_acc=0.9825, time=3.23s, params=176770
2025-07-04 10:35:57,390 INFO Training model: 2_layers (hidden=[64])
2025-07-04 10:35:57,481 INFO Epoch 1/10
2025-07-04 10:35:57,481 INFO Train Loss: 0.3987, Train Acc: 0.8156
2025-07-04 10:35:57,482 INFO Test Loss: 0.2241, Test Acc: 0.8975
2025-07-04 10:35:57,482 INFO --------------------------------------------------
2025-07-04 10:35:57,571 INFO Epoch 2/10
2025-07-04 10:35:57,571 INFO Train Loss: 0.2322, Train Acc: 0.9131
2025-07-04 10:35:57,571 INFO Test Loss: 0.1203, Test Acc: 0.9475
2025-07-04 10:35:57,571 INFO --------------------------------------------------
2025-07-04 10:35:57,685 INFO Epoch 3/10
2025-07-04 10:35:57,685 INFO Train Loss: 0.1459, Train Acc: 0.9437
2025-07-04 10:35:57,685 INFO Test Loss: 0.0957, Test Acc: 0.9750
2025-07-04 10:35:57,685 INFO --------------------------------------------------
2025-07-04 10:35:57,785 INFO Epoch 4/10
2025-07-04 10:35:57,785 INFO Train Loss: 0.1234, Train Acc: 0.9513
2025-07-04 10:35:57,785 INFO Test Loss: 0.0852, Test Acc: 0.9675
2025-07-04 10:35:57,785 INFO --------------------------------------------------
2025-07-04 10:35:57,918 INFO Epoch 5/10
2025-07-04 10:35:57,918 INFO Train Loss: 0.0955, Train Acc: 0.9669
2025-07-04 10:35:57,918 INFO Test Loss: 0.0804, Test Acc: 0.9775
2025-07-04 10:35:57,918 INFO --------------------------------------------------
2025-07-04 10:35:58,032 INFO Epoch 6/10
2025-07-04 10:35:58,032 INFO Train Loss: 0.0940, Train Acc: 0.9656
2025-07-04 10:35:58,032 INFO Test Loss: 0.0788, Test Acc: 0.9775
2025-07-04 10:35:58,033 INFO --------------------------------------------------
2025-07-04 10:35:58,132 INFO Epoch 7/10
2025-07-04 10:35:58,132 INFO Train Loss: 0.0706, Train Acc: 0.9775
2025-07-04 10:35:58,132 INFO Test Loss: 0.0774, Test Acc: 0.9725
2025-07-04 10:35:58,132 INFO --------------------------------------------------
2025-07-04 10:35:58,239 INFO Epoch 8/10
2025-07-04 10:35:58,239 INFO Train Loss: 0.0646, Train Acc: 0.9781
2025-07-04 10:35:58,239 INFO Test Loss: 0.0725, Test Acc: 0.9775
2025-07-04 10:35:58,239 INFO --------------------------------------------------
2025-07-04 10:35:58,337 INFO Epoch 9/10
2025-07-04 10:35:58,337 INFO Train Loss: 0.0653, Train Acc: 0.9756
2025-07-04 10:35:58,337 INFO Test Loss: 0.0679, Test Acc: 0.9775
2025-07-04 10:35:58,337 INFO --------------------------------------------------
2025-07-04 10:35:58,450 INFO Epoch 10/10
2025-07-04 10:35:58,450 INFO Train Loss: 0.0545, Train Acc: 0.9850
2025-07-04 10:35:58,450 INFO Test Loss: 0.0687, Test Acc: 0.9775
2025-07-04 10:35:58,450 INFO --------------------------------------------------
2025-07-04 10:35:58,450 INFO Experiment results: {'train_losses': [0.3986592781543732, 0.23224225759506226, 0.1458574664592743, 0.12341946348547936, 0.09550965070724488, 0.09395042538642884, 0.07060793075710535, 0.06460026955232025, 0.06528889078646899, 0.054509937837719916], 'train_accs': [0.815625, 0.913125, 0.94375, 0.95125, 0.966875, 0.965625, 0.9775, 0.978125, 0.975625, 0.985], 'test_losses': [0.224126435816288, 0.12025345861911774, 0.09573790803551674, 0.08522384613752365, 0.08038035407662392, 0.07876329869031906, 0.07742312178015709, 0.07249337434768677, 0.06788953579962254, 0.06873200088739395], 'test_accs': [0.8975, 0.9475, 0.975, 0.9675, 0.9775, 0.9775, 0.9725, 0.9775, 0.9775, 0.9775]}
2025-07-04 10:35:58,634 INFO 2_layers: Final train_acc=0.9850, test_acc=0.9775, time=1.06s, params=176770
2025-07-04 10:35:58,634 INFO Training model: 3_layers (hidden=[128, 64])
2025-07-04 10:35:58,729 INFO Epoch 1/10
2025-07-04 10:35:58,730 INFO Train Loss: 0.4079, Train Acc: 0.7975
2025-07-04 10:35:58,730 INFO Test Loss: 0.2572, Test Acc: 0.8775
2025-07-04 10:35:58,730 INFO --------------------------------------------------
2025-07-04 10:35:58,829 INFO Epoch 2/10
2025-07-04 10:35:58,830 INFO Train Loss: 0.2104, Train Acc: 0.9213
2025-07-04 10:35:58,830 INFO Test Loss: 0.1550, Test Acc: 0.9450
2025-07-04 10:35:58,830 INFO --------------------------------------------------
2025-07-04 10:35:58,990 INFO Epoch 3/10
2025-07-04 10:35:58,990 INFO Train Loss: 0.1561, Train Acc: 0.9406
2025-07-04 10:35:58,990 INFO Test Loss: 0.0963, Test Acc: 0.9650
2025-07-04 10:35:58,990 INFO --------------------------------------------------
2025-07-04 10:35:59,086 INFO Epoch 4/10
2025-07-04 10:35:59,086 INFO Train Loss: 0.1110, Train Acc: 0.9619
2025-07-04 10:35:59,086 INFO Test Loss: 0.0899, Test Acc: 0.9650
2025-07-04 10:35:59,086 INFO --------------------------------------------------
2025-07-04 10:35:59,189 INFO Epoch 5/10
2025-07-04 10:35:59,190 INFO Train Loss: 0.0903, Train Acc: 0.9719
2025-07-04 10:35:59,190 INFO Test Loss: 0.0833, Test Acc: 0.9700
2025-07-04 10:35:59,190 INFO --------------------------------------------------
2025-07-04 10:35:59,298 INFO Epoch 6/10
2025-07-04 10:35:59,298 INFO Train Loss: 0.0880, Train Acc: 0.9731
2025-07-04 10:35:59,298 INFO Test Loss: 0.0773, Test Acc: 0.9775
2025-07-04 10:35:59,298 INFO --------------------------------------------------
2025-07-04 10:35:59,395 INFO Epoch 7/10
2025-07-04 10:35:59,396 INFO Train Loss: 0.0921, Train Acc: 0.9688
2025-07-04 10:35:59,396 INFO Test Loss: 0.1267, Test Acc: 0.9550
2025-07-04 10:35:59,396 INFO --------------------------------------------------
2025-07-04 10:35:59,506 INFO Epoch 8/10
2025-07-04 10:35:59,506 INFO Train Loss: 0.0806, Train Acc: 0.9694
2025-07-04 10:35:59,506 INFO Test Loss: 0.0856, Test Acc: 0.9725
2025-07-04 10:35:59,506 INFO --------------------------------------------------
2025-07-04 10:35:59,604 INFO Epoch 9/10
2025-07-04 10:35:59,604 INFO Train Loss: 0.0563, Train Acc: 0.9819
2025-07-04 10:35:59,604 INFO Test Loss: 0.0667, Test Acc: 0.9750
2025-07-04 10:35:59,604 INFO --------------------------------------------------
2025-07-04 10:35:59,715 INFO Epoch 10/10
2025-07-04 10:35:59,715 INFO Train Loss: 0.0491, Train Acc: 0.9825
2025-07-04 10:35:59,715 INFO Test Loss: 0.0720, Test Acc: 0.9775
2025-07-04 10:35:59,715 INFO --------------------------------------------------
2025-07-04 10:35:59,715 INFO Experiment results: {'train_losses': [0.4079115355014801, 0.2103696173429489, 0.15614571675658226, 0.11099617436528206, 0.09028799906373024, 0.08797736197710038, 0.09213479459285737, 0.08060526974499226, 0.056322481483221054, 0.04913860667496919], 'train_accs': [0.7975, 0.92125, 0.940625, 0.961875, 0.971875, 0.973125, 0.96875, 0.969375, 0.981875, 0.9825], 'test_losses': [0.2572416812181473, 0.15496907383203506, 0.09627712517976761, 0.08987298235297203, 0.08328151516616344, 0.07732102461159229, 0.12671488523483276, 0.08563585206866264, 0.06668402813374996, 0.07198751904070377], 'test_accs': [0.8775, 0.945, 0.965, 0.965, 0.97, 0.9775, 0.955, 0.9725, 0.975, 0.9775]}
2025-07-04 10:35:59,908 INFO 3_layers: Final train_acc=0.9825, test_acc=0.9775, time=1.08s, params=176770
2025-07-04 10:35:59,908 INFO Training model: 5_layers (hidden=[256, 128, 64, 32])
2025-07-04 10:36:00,065 INFO Epoch 1/10
2025-07-04 10:36:00,065 INFO Train Loss: 0.4028, Train Acc: 0.8187
2025-07-04 10:36:00,065 INFO Test Loss: 0.2120, Test Acc: 0.9150
2025-07-04 10:36:00,065 INFO --------------------------------------------------
2025-07-04 10:36:00,213 INFO Epoch 2/10
2025-07-04 10:36:00,214 INFO Train Loss: 0.2088, Train Acc: 0.9169
2025-07-04 10:36:00,214 INFO Test Loss: 0.1358, Test Acc: 0.9425
2025-07-04 10:36:00,214 INFO --------------------------------------------------
2025-07-04 10:36:00,338 INFO Epoch 3/10
2025-07-04 10:36:00,338 INFO Train Loss: 0.1370, Train Acc: 0.9481
2025-07-04 10:36:00,338 INFO Test Loss: 0.0786, Test Acc: 0.9700
2025-07-04 10:36:00,338 INFO --------------------------------------------------
2025-07-04 10:36:00,465 INFO Epoch 4/10
2025-07-04 10:36:00,465 INFO Train Loss: 0.1002, Train Acc: 0.9619
2025-07-04 10:36:00,465 INFO Test Loss: 0.0699, Test Acc: 0.9675
2025-07-04 10:36:00,465 INFO --------------------------------------------------
2025-07-04 10:36:00,572 INFO Epoch 5/10
2025-07-04 10:36:00,572 INFO Train Loss: 0.0904, Train Acc: 0.9700
2025-07-04 10:36:00,572 INFO Test Loss: 0.0894, Test Acc: 0.9650
2025-07-04 10:36:00,572 INFO --------------------------------------------------
2025-07-04 10:36:00,673 INFO Epoch 6/10
2025-07-04 10:36:00,673 INFO Train Loss: 0.0761, Train Acc: 0.9731
2025-07-04 10:36:00,673 INFO Test Loss: 0.0935, Test Acc: 0.9725
2025-07-04 10:36:00,673 INFO --------------------------------------------------
2025-07-04 10:36:00,780 INFO Epoch 7/10
2025-07-04 10:36:00,781 INFO Train Loss: 0.0987, Train Acc: 0.9644
2025-07-04 10:36:00,781 INFO Test Loss: 0.1150, Test Acc: 0.9475
2025-07-04 10:36:00,781 INFO --------------------------------------------------
2025-07-04 10:36:00,879 INFO Epoch 8/10
2025-07-04 10:36:00,879 INFO Train Loss: 0.0901, Train Acc: 0.9681
2025-07-04 10:36:00,879 INFO Test Loss: 0.0678, Test Acc: 0.9750
2025-07-04 10:36:00,879 INFO --------------------------------------------------
2025-07-04 10:36:01,017 INFO Epoch 9/10
2025-07-04 10:36:01,017 INFO Train Loss: 0.0618, Train Acc: 0.9812
2025-07-04 10:36:01,017 INFO Test Loss: 0.0726, Test Acc: 0.9750
2025-07-04 10:36:01,017 INFO --------------------------------------------------
2025-07-04 10:36:01,134 INFO Epoch 10/10
2025-07-04 10:36:01,134 INFO Train Loss: 0.0690, Train Acc: 0.9712
2025-07-04 10:36:01,134 INFO Test Loss: 0.0737, Test Acc: 0.9775
2025-07-04 10:36:01,134 INFO --------------------------------------------------
2025-07-04 10:36:01,135 INFO Experiment results: {'train_losses': [0.4027566051483154, 0.20878401830792426, 0.13698844477534294, 0.10021613039076328, 0.090439722687006, 0.07607982836663724, 0.09873530104756355, 0.09013444051146507, 0.06180508449673652, 0.06899875022470951], 'train_accs': [0.81875, 0.916875, 0.948125, 0.961875, 0.97, 0.973125, 0.964375, 0.968125, 0.98125, 0.97125], 'test_losses': [0.2120237573981285, 0.13581908866763115, 0.07859531790018082, 0.06990165822207928, 0.08944706246256828, 0.09348942339420319, 0.1150413230061531, 0.06778967380523682, 0.0726480707526207, 0.07365500554442406], 'test_accs': [0.915, 0.9425, 0.97, 0.9675, 0.965, 0.9725, 0.9475, 0.975, 0.975, 0.9775]}
2025-07-04 10:36:01,322 INFO 5_layers: Final train_acc=0.9712, test_acc=0.9775, time=1.22s, params=176770
2025-07-04 10:36:01,322 INFO Training model: 7_layers (hidden=[512, 256, 128, 64, 32, 16])
2025-07-04 10:36:01,452 INFO Epoch 1/10
2025-07-04 10:36:01,452 INFO Train Loss: 0.4090, Train Acc: 0.8025
2025-07-04 10:36:01,452 INFO Test Loss: 0.2220, Test Acc: 0.9025
2025-07-04 10:36:01,452 INFO --------------------------------------------------
2025-07-04 10:36:01,573 INFO Epoch 2/10
2025-07-04 10:36:01,573 INFO Train Loss: 0.1933, Train Acc: 0.9281
2025-07-04 10:36:01,573 INFO Test Loss: 0.1121, Test Acc: 0.9600
2025-07-04 10:36:01,573 INFO --------------------------------------------------
2025-07-04 10:36:01,673 INFO Epoch 3/10
2025-07-04 10:36:01,673 INFO Train Loss: 0.1854, Train Acc: 0.9244
2025-07-04 10:36:01,673 INFO Test Loss: 0.1050, Test Acc: 0.9625
2025-07-04 10:36:01,673 INFO --------------------------------------------------
2025-07-04 10:36:01,783 INFO Epoch 4/10
2025-07-04 10:36:01,784 INFO Train Loss: 0.1005, Train Acc: 0.9656
2025-07-04 10:36:01,784 INFO Test Loss: 0.1181, Test Acc: 0.9625
2025-07-04 10:36:01,784 INFO --------------------------------------------------
2025-07-04 10:36:01,941 INFO Epoch 5/10
2025-07-04 10:36:01,941 INFO Train Loss: 0.1118, Train Acc: 0.9600
2025-07-04 10:36:01,941 INFO Test Loss: 0.1305, Test Acc: 0.9500
2025-07-04 10:36:01,941 INFO --------------------------------------------------
2025-07-04 10:36:02,085 INFO Epoch 6/10
2025-07-04 10:36:02,085 INFO Train Loss: 0.0927, Train Acc: 0.9663
2025-07-04 10:36:02,085 INFO Test Loss: 0.0772, Test Acc: 0.9750
2025-07-04 10:36:02,085 INFO --------------------------------------------------
2025-07-04 10:36:02,207 INFO Epoch 7/10
2025-07-04 10:36:02,207 INFO Train Loss: 0.0764, Train Acc: 0.9738
2025-07-04 10:36:02,207 INFO Test Loss: 0.0793, Test Acc: 0.9750
2025-07-04 10:36:02,207 INFO --------------------------------------------------
2025-07-04 10:36:02,392 INFO Epoch 8/10
2025-07-04 10:36:02,392 INFO Train Loss: 0.0657, Train Acc: 0.9762
2025-07-04 10:36:02,392 INFO Test Loss: 0.0673, Test Acc: 0.9800
2025-07-04 10:36:02,392 INFO --------------------------------------------------
2025-07-04 10:36:02,506 INFO Epoch 9/10
2025-07-04 10:36:02,506 INFO Train Loss: 0.0608, Train Acc: 0.9812
2025-07-04 10:36:02,506 INFO Test Loss: 0.0626, Test Acc: 0.9750
2025-07-04 10:36:02,506 INFO --------------------------------------------------
2025-07-04 10:36:02,658 INFO Epoch 10/10
2025-07-04 10:36:02,658 INFO Train Loss: 0.0609, Train Acc: 0.9781
2025-07-04 10:36:02,659 INFO Test Loss: 0.0586, Test Acc: 0.9800
2025-07-04 10:36:02,659 INFO --------------------------------------------------
2025-07-04 10:36:02,659 INFO Experiment results: {'train_losses': [0.40901398003101347, 0.19325910687446593, 0.18535040825605392, 0.10047727100551128, 0.11176313430070878, 0.09268194057047367, 0.0764417939633131, 0.06574705462902784, 0.06082597654312849, 0.06089096192270518], 'train_accs': [0.8025, 0.928125, 0.924375, 0.965625, 0.96, 0.96625, 0.97375, 0.97625, 0.98125, 0.978125], 'test_losses': [0.222027949988842, 0.11208077520132065, 0.10495592653751373, 0.11806691437959671, 0.13047895580530167, 0.07718884013593197, 0.07926648296415806, 0.0673060491681099, 0.06257146410644054, 0.05859958007931709], 'test_accs': [0.9025, 0.96, 0.9625, 0.9625, 0.95, 0.975, 0.975, 0.98, 0.975, 0.98]}
2025-07-04 10:36:02,851 INFO 7_layers: Final train_acc=0.9781, test_acc=0.9800, time=1.34s, params=176770
2025-07-04 10:36:02,851 INFO Experiment results: {'1_layer': {'final_train_acc': 0.983125, 'final_test_acc': 0.9825, 'history': {'train_losses': [0.4109414941072464, 0.20825645327568054, 0.13632638171315192, 0.10611017532646656, 0.09734262838959694, 0.08644327625632287, 0.08387511387467385, 0.06684553831815719, 0.0693002463132143, 0.05349301550537348], 'train_accs': [0.806875, 0.92125, 0.950625, 0.9625, 0.968125, 0.97125, 0.96875, 0.97875, 0.976875, 0.983125], 'test_losses': [0.24598486721515656, 0.13053248450160027, 0.10330774262547493, 0.07920376397669315, 0.08465837314724922, 0.06999870575964451, 0.0861348994076252, 0.08605336397886276, 0.057256368920207024, 0.06539657711982727], 'test_accs': [0.9075, 0.95, 0.9575, 0.9625, 0.9675, 0.9725, 0.9775, 0.9725, 0.98, 0.9825]}, 'params': 176770, 'time': 3.225048780441284}, '2_layers': {'final_train_acc': 0.985, 'final_test_acc': 0.9775, 'history': {'train_losses': [0.3986592781543732, 0.23224225759506226, 0.1458574664592743, 0.12341946348547936, 0.09550965070724488, 0.09395042538642884, 0.07060793075710535, 0.06460026955232025, 0.06528889078646899, 0.054509937837719916], 'train_accs': [0.815625, 0.913125, 0.94375, 0.95125, 0.966875, 0.965625, 0.9775, 0.978125, 0.975625, 0.985], 'test_losses': [0.224126435816288, 0.12025345861911774, 0.09573790803551674, 0.08522384613752365, 0.08038035407662392, 0.07876329869031906, 0.07742312178015709, 0.07249337434768677, 0.06788953579962254, 0.06873200088739395], 'test_accs': [0.8975, 0.9475, 0.975, 0.9675, 0.9775, 0.9775, 0.9725, 0.9775, 0.9775, 0.9775]}, 'params': 176770, 'time': 1.0588147640228271}, '3_layers': {'final_train_acc': 0.9825, 'final_test_acc': 0.9775, 'history': {'train_losses': [0.4079115355014801, 0.2103696173429489, 0.15614571675658226, 0.11099617436528206, 0.09028799906373024, 0.08797736197710038, 0.09213479459285737, 0.08060526974499226, 0.056322481483221054, 0.04913860667496919], 'train_accs': [0.7975, 0.92125, 0.940625, 0.961875, 0.971875, 0.973125, 0.96875, 0.969375, 0.981875, 0.9825], 'test_losses': [0.2572416812181473, 0.15496907383203506, 0.09627712517976761, 0.08987298235297203, 0.08328151516616344, 0.07732102461159229, 0.12671488523483276, 0.08563585206866264, 0.06668402813374996, 0.07198751904070377], 'test_accs': [0.8775, 0.945, 0.965, 0.965, 0.97, 0.9775, 0.955, 0.9725, 0.975, 0.9775]}, 'params': 176770, 'time': 1.0797648429870605}, '5_layers': {'final_train_acc': 0.97125, 'final_test_acc': 0.9775, 'history': {'train_losses': [0.4027566051483154, 0.20878401830792426, 0.13698844477534294, 0.10021613039076328, 0.090439722687006, 0.07607982836663724, 0.09873530104756355, 0.09013444051146507, 0.06180508449673652, 0.06899875022470951], 'train_accs': [0.81875, 0.916875, 0.948125, 0.961875, 0.97, 0.973125, 0.964375, 0.968125, 0.98125, 0.97125], 'test_losses': [0.2120237573981285, 0.13581908866763115, 0.07859531790018082, 0.06990165822207928, 0.08944706246256828, 0.09348942339420319, 0.1150413230061531, 0.06778967380523682, 0.0726480707526207, 0.07365500554442406], 'test_accs': [0.915, 0.9425, 0.97, 0.9675, 0.965, 0.9725, 0.9475, 0.975, 0.975, 0.9775]}, 'params': 176770, 'time': 1.2248070240020752}, '7_layers': {'final_train_acc': 0.978125, 'final_test_acc': 0.98, 'history': {'train_losses': [0.40901398003101347, 0.19325910687446593, 0.18535040825605392, 0.10047727100551128, 0.11176313430070878, 0.09268194057047367, 0.0764417939633131, 0.06574705462902784, 0.06082597654312849, 0.06089096192270518], 'train_accs': [0.8025, 0.928125, 0.924375, 0.965625, 0.96, 0.96625, 0.97375, 0.97625, 0.98125, 0.978125], 'test_losses': [0.222027949988842, 0.11208077520132065, 0.10495592653751373, 0.11806691437959671, 0.13047895580530167, 0.07718884013593197, 0.07926648296415806, 0.0673060491681099, 0.06257146410644054, 0.05859958007931709], 'test_accs': [0.9025, 0.96, 0.9625, 0.9625, 0.95, 0.975, 0.975, 0.98, 0.975, 0.98]}, 'params': 176770, 'time': 1.3360164165496826}}
2025-07-04 10:44:40,126 INFO Training model: 1_layer (hidden=[])
2025-07-04 10:44:41,107 INFO Epoch 1/10
2025-07-04 10:44:41,107 INFO Train Loss: 0.3960, Train Acc: 0.8319
2025-07-04 10:44:41,107 INFO Test Loss: 0.2298, Test Acc: 0.8925
2025-07-04 10:44:41,107 INFO --------------------------------------------------
2025-07-04 10:44:41,219 INFO Epoch 2/10
2025-07-04 10:44:41,219 INFO Train Loss: 0.1861, Train Acc: 0.9287
2025-07-04 10:44:41,219 INFO Test Loss: 0.1260, Test Acc: 0.9550
2025-07-04 10:44:41,219 INFO --------------------------------------------------
2025-07-04 10:44:41,312 INFO Epoch 3/10
2025-07-04 10:44:41,312 INFO Train Loss: 0.1459, Train Acc: 0.9444
2025-07-04 10:44:41,312 INFO Test Loss: 0.0930, Test Acc: 0.9675
2025-07-04 10:44:41,312 INFO --------------------------------------------------
2025-07-04 10:44:41,410 INFO Epoch 4/10
2025-07-04 10:44:41,410 INFO Train Loss: 0.1148, Train Acc: 0.9613
2025-07-04 10:44:41,410 INFO Test Loss: 0.1121, Test Acc: 0.9600
2025-07-04 10:44:41,410 INFO --------------------------------------------------
2025-07-04 10:44:41,528 INFO Epoch 5/10
2025-07-04 10:44:41,528 INFO Train Loss: 0.0996, Train Acc: 0.9681
2025-07-04 10:44:41,528 INFO Test Loss: 0.0932, Test Acc: 0.9700
2025-07-04 10:44:41,528 INFO --------------------------------------------------
2025-07-04 10:44:41,622 INFO Epoch 6/10
2025-07-04 10:44:41,622 INFO Train Loss: 0.1029, Train Acc: 0.9619
2025-07-04 10:44:41,622 INFO Test Loss: 0.0681, Test Acc: 0.9700
2025-07-04 10:44:41,622 INFO --------------------------------------------------
2025-07-04 10:44:41,720 INFO Epoch 7/10
2025-07-04 10:44:41,720 INFO Train Loss: 0.0874, Train Acc: 0.9712
2025-07-04 10:44:41,720 INFO Test Loss: 0.0618, Test Acc: 0.9800
2025-07-04 10:44:41,720 INFO --------------------------------------------------
2025-07-04 10:44:41,844 INFO Epoch 8/10
2025-07-04 10:44:41,844 INFO Train Loss: 0.0603, Train Acc: 0.9794
2025-07-04 10:44:41,844 INFO Test Loss: 0.0657, Test Acc: 0.9750
2025-07-04 10:44:41,844 INFO --------------------------------------------------
2025-07-04 10:44:41,946 INFO Epoch 9/10
2025-07-04 10:44:41,946 INFO Train Loss: 0.0592, Train Acc: 0.9825
2025-07-04 10:44:41,946 INFO Test Loss: 0.0562, Test Acc: 0.9825
2025-07-04 10:44:41,946 INFO --------------------------------------------------
2025-07-04 10:44:42,056 INFO Epoch 10/10
2025-07-04 10:44:42,063 INFO Train Loss: 0.0534, Train Acc: 0.9850
2025-07-04 10:44:42,063 INFO Test Loss: 0.0658, Test Acc: 0.9850
2025-07-04 10:44:42,063 INFO --------------------------------------------------
2025-07-04 10:44:42,063 INFO Experiment results: {'train_losses': [0.39601905703544615, 0.18606973707675933, 0.1458810219168663, 0.11481404021382331, 0.09960881903767586, 0.10288395062088966, 0.08741132456809282, 0.060323791727423665, 0.05921202035620809, 0.05341477060690522], 'train_accs': [0.831875, 0.92875, 0.944375, 0.96125, 0.968125, 0.961875, 0.97125, 0.979375, 0.9825, 0.985], 'test_losses': [0.22984646260738373, 0.12602660804986954, 0.09300888329744339, 0.1121410820633173, 0.09318647533655167, 0.06813226081430912, 0.06184221990406513, 0.06571771018207073, 0.05624889396131039, 0.06577914580702782], 'test_accs': [0.8925, 0.955, 0.9675, 0.96, 0.97, 0.97, 0.98, 0.975, 0.9825, 0.985]}
2025-07-04 10:44:42,264 INFO 1_layer: Final train_acc=0.9850, test_acc=0.9850, time=1.94s, params=176770
2025-07-04 10:44:42,264 INFO Training model: 2_layers (hidden=[64])
2025-07-04 10:44:42,374 INFO Epoch 1/10
2025-07-04 10:44:42,375 INFO Train Loss: 0.4268, Train Acc: 0.8000
2025-07-04 10:44:42,375 INFO Test Loss: 0.2279, Test Acc: 0.8925
2025-07-04 10:44:42,375 INFO --------------------------------------------------
2025-07-04 10:44:42,466 INFO Epoch 2/10
2025-07-04 10:44:42,466 INFO Train Loss: 0.1937, Train Acc: 0.9213
2025-07-04 10:44:42,466 INFO Test Loss: 0.1335, Test Acc: 0.9475
2025-07-04 10:44:42,466 INFO --------------------------------------------------
2025-07-04 10:44:42,579 INFO Epoch 3/10
2025-07-04 10:44:42,579 INFO Train Loss: 0.1366, Train Acc: 0.9544
2025-07-04 10:44:42,579 INFO Test Loss: 0.1061, Test Acc: 0.9625
2025-07-04 10:44:42,579 INFO --------------------------------------------------
2025-07-04 10:44:42,674 INFO Epoch 4/10
2025-07-04 10:44:42,674 INFO Train Loss: 0.1072, Train Acc: 0.9663
2025-07-04 10:44:42,674 INFO Test Loss: 0.0945, Test Acc: 0.9650
2025-07-04 10:44:42,674 INFO --------------------------------------------------
2025-07-04 10:44:42,774 INFO Epoch 5/10
2025-07-04 10:44:42,774 INFO Train Loss: 0.1205, Train Acc: 0.9569
2025-07-04 10:44:42,774 INFO Test Loss: 0.0890, Test Acc: 0.9725
2025-07-04 10:44:42,774 INFO --------------------------------------------------
2025-07-04 10:44:42,896 INFO Epoch 6/10
2025-07-04 10:44:42,896 INFO Train Loss: 0.0765, Train Acc: 0.9775
2025-07-04 10:44:42,896 INFO Test Loss: 0.1148, Test Acc: 0.9525
2025-07-04 10:44:42,896 INFO --------------------------------------------------
2025-07-04 10:44:42,991 INFO Epoch 7/10
2025-07-04 10:44:42,991 INFO Train Loss: 0.0709, Train Acc: 0.9744
2025-07-04 10:44:42,991 INFO Test Loss: 0.0767, Test Acc: 0.9725
2025-07-04 10:44:42,991 INFO --------------------------------------------------
2025-07-04 10:44:43,096 INFO Epoch 8/10
2025-07-04 10:44:43,096 INFO Train Loss: 0.0657, Train Acc: 0.9775
2025-07-04 10:44:43,096 INFO Test Loss: 0.0701, Test Acc: 0.9800
2025-07-04 10:44:43,096 INFO --------------------------------------------------
2025-07-04 10:44:43,209 INFO Epoch 9/10
2025-07-04 10:44:43,209 INFO Train Loss: 0.0637, Train Acc: 0.9806
2025-07-04 10:44:43,209 INFO Test Loss: 0.0741, Test Acc: 0.9775
2025-07-04 10:44:43,209 INFO --------------------------------------------------
2025-07-04 10:44:43,334 INFO Epoch 10/10
2025-07-04 10:44:43,334 INFO Train Loss: 0.0761, Train Acc: 0.9769
2025-07-04 10:44:43,334 INFO Test Loss: 0.0924, Test Acc: 0.9675
2025-07-04 10:44:43,334 INFO --------------------------------------------------
2025-07-04 10:44:43,334 INFO Experiment results: {'train_losses': [0.42678649246692657, 0.1936837738752365, 0.1365895102918148, 0.10720597520470619, 0.1205073769390583, 0.07646771103143692, 0.07094078503549099, 0.06566512141376733, 0.06367356669157744, 0.0760546239092946], 'train_accs': [0.8, 0.92125, 0.954375, 0.96625, 0.956875, 0.9775, 0.974375, 0.9775, 0.980625, 0.976875], 'test_losses': [0.22785480320453644, 0.13354899361729622, 0.10607856512069702, 0.09451476857066154, 0.08903150260448456, 0.11481356993317604, 0.07671379297971725, 0.07012910395860672, 0.07412154600024223, 0.0923888199031353], 'test_accs': [0.8925, 0.9475, 0.9625, 0.965, 0.9725, 0.9525, 0.9725, 0.98, 0.9775, 0.9675]}
2025-07-04 10:44:43,514 INFO 2_layers: Final train_acc=0.9769, test_acc=0.9675, time=1.07s, params=176770
2025-07-04 10:44:43,514 INFO Training model: 3_layers (hidden=[128, 64])
2025-07-04 10:44:43,602 INFO Epoch 1/10
2025-07-04 10:44:43,602 INFO Train Loss: 0.3942, Train Acc: 0.8237
2025-07-04 10:44:43,602 INFO Test Loss: 0.2822, Test Acc: 0.8700
2025-07-04 10:44:43,602 INFO --------------------------------------------------
2025-07-04 10:44:43,688 INFO Epoch 2/10
2025-07-04 10:44:43,688 INFO Train Loss: 0.1911, Train Acc: 0.9206
2025-07-04 10:44:43,688 INFO Test Loss: 0.1387, Test Acc: 0.9450
2025-07-04 10:44:43,688 INFO --------------------------------------------------
2025-07-04 10:44:43,790 INFO Epoch 3/10
2025-07-04 10:44:43,790 INFO Train Loss: 0.1218, Train Acc: 0.9594
2025-07-04 10:44:43,790 INFO Test Loss: 0.0747, Test Acc: 0.9750
2025-07-04 10:44:43,790 INFO --------------------------------------------------
2025-07-04 10:44:43,925 INFO Epoch 4/10
2025-07-04 10:44:43,926 INFO Train Loss: 0.1079, Train Acc: 0.9613
2025-07-04 10:44:43,926 INFO Test Loss: 0.0744, Test Acc: 0.9775
2025-07-04 10:44:43,926 INFO --------------------------------------------------
2025-07-04 10:44:44,052 INFO Epoch 5/10
2025-07-04 10:44:44,052 INFO Train Loss: 0.0916, Train Acc: 0.9694
2025-07-04 10:44:44,052 INFO Test Loss: 0.0806, Test Acc: 0.9725
2025-07-04 10:44:44,052 INFO --------------------------------------------------
2025-07-04 10:44:44,172 INFO Epoch 6/10
2025-07-04 10:44:44,172 INFO Train Loss: 0.1053, Train Acc: 0.9619
2025-07-04 10:44:44,172 INFO Test Loss: 0.0747, Test Acc: 0.9750
2025-07-04 10:44:44,172 INFO --------------------------------------------------
2025-07-04 10:44:44,281 INFO Epoch 7/10
2025-07-04 10:44:44,281 INFO Train Loss: 0.0758, Train Acc: 0.9775
2025-07-04 10:44:44,281 INFO Test Loss: 0.0677, Test Acc: 0.9750
2025-07-04 10:44:44,281 INFO --------------------------------------------------
2025-07-04 10:44:44,397 INFO Epoch 8/10
2025-07-04 10:44:44,397 INFO Train Loss: 0.0649, Train Acc: 0.9806
2025-07-04 10:44:44,397 INFO Test Loss: 0.0703, Test Acc: 0.9775
2025-07-04 10:44:44,397 INFO --------------------------------------------------
2025-07-04 10:44:44,513 INFO Epoch 9/10
2025-07-04 10:44:44,513 INFO Train Loss: 0.0682, Train Acc: 0.9794
2025-07-04 10:44:44,514 INFO Test Loss: 0.0710, Test Acc: 0.9750
2025-07-04 10:44:44,514 INFO --------------------------------------------------
2025-07-04 10:44:44,623 INFO Epoch 10/10
2025-07-04 10:44:44,623 INFO Train Loss: 0.0640, Train Acc: 0.9781
2025-07-04 10:44:44,623 INFO Test Loss: 0.0802, Test Acc: 0.9775
2025-07-04 10:44:44,623 INFO --------------------------------------------------
2025-07-04 10:44:44,623 INFO Experiment results: {'train_losses': [0.39421096324920657, 0.19111233562231064, 0.12179618015885353, 0.10790588513016701, 0.09163042485713958, 0.10528685748577118, 0.0757557700574398, 0.06493663314729929, 0.06818255439400672, 0.06400364350527525], 'train_accs': [0.82375, 0.920625, 0.959375, 0.96125, 0.969375, 0.961875, 0.9775, 0.980625, 0.979375, 0.978125], 'test_losses': [0.2821689546108246, 0.1386890709400177, 0.07470638677477837, 0.07440071552991867, 0.08063558489084244, 0.07467852346599102, 0.06767183914780617, 0.07027781195938587, 0.07104821875691414, 0.08021872118115425], 'test_accs': [0.87, 0.945, 0.975, 0.9775, 0.9725, 0.975, 0.975, 0.9775, 0.975, 0.9775]}
2025-07-04 10:44:44,815 INFO 3_layers: Final train_acc=0.9781, test_acc=0.9775, time=1.11s, params=176770
2025-07-04 10:44:44,815 INFO Training model: 5_layers (hidden=[256, 128, 64, 32])
2025-07-04 10:44:44,922 INFO Epoch 1/10
2025-07-04 10:44:44,922 INFO Train Loss: 0.3976, Train Acc: 0.8081
2025-07-04 10:44:44,922 INFO Test Loss: 0.2764, Test Acc: 0.8750
2025-07-04 10:44:44,922 INFO --------------------------------------------------
2025-07-04 10:44:45,017 INFO Epoch 2/10
2025-07-04 10:44:45,017 INFO Train Loss: 0.1839, Train Acc: 0.9313
2025-07-04 10:44:45,017 INFO Test Loss: 0.1149, Test Acc: 0.9550
2025-07-04 10:44:45,017 INFO --------------------------------------------------
2025-07-04 10:44:45,121 INFO Epoch 3/10
2025-07-04 10:44:45,122 INFO Train Loss: 0.1378, Train Acc: 0.9519
2025-07-04 10:44:45,122 INFO Test Loss: 0.1191, Test Acc: 0.9575
2025-07-04 10:44:45,122 INFO --------------------------------------------------
2025-07-04 10:44:45,229 INFO Epoch 4/10
2025-07-04 10:44:45,230 INFO Train Loss: 0.1288, Train Acc: 0.9569
2025-07-04 10:44:45,230 INFO Test Loss: 0.1115, Test Acc: 0.9600
2025-07-04 10:44:45,230 INFO --------------------------------------------------
2025-07-04 10:44:45,347 INFO Epoch 5/10
2025-07-04 10:44:45,347 INFO Train Loss: 0.0953, Train Acc: 0.9688
2025-07-04 10:44:45,347 INFO Test Loss: 0.0845, Test Acc: 0.9700
2025-07-04 10:44:45,347 INFO --------------------------------------------------
2025-07-04 10:44:45,463 INFO Epoch 6/10
2025-07-04 10:44:45,463 INFO Train Loss: 0.0835, Train Acc: 0.9750
2025-07-04 10:44:45,463 INFO Test Loss: 0.0853, Test Acc: 0.9700
2025-07-04 10:44:45,463 INFO --------------------------------------------------
2025-07-04 10:44:45,617 INFO Epoch 7/10
2025-07-04 10:44:45,617 INFO Train Loss: 0.0780, Train Acc: 0.9731
2025-07-04 10:44:45,617 INFO Test Loss: 0.1079, Test Acc: 0.9650
2025-07-04 10:44:45,617 INFO --------------------------------------------------
2025-07-04 10:44:45,744 INFO Epoch 8/10
2025-07-04 10:44:45,744 INFO Train Loss: 0.0674, Train Acc: 0.9769
2025-07-04 10:44:45,744 INFO Test Loss: 0.0807, Test Acc: 0.9750
2025-07-04 10:44:45,744 INFO --------------------------------------------------
2025-07-04 10:44:45,864 INFO Epoch 9/10
2025-07-04 10:44:45,865 INFO Train Loss: 0.0609, Train Acc: 0.9756
2025-07-04 10:44:45,865 INFO Test Loss: 0.0745, Test Acc: 0.9725
2025-07-04 10:44:45,865 INFO --------------------------------------------------
2025-07-04 10:44:45,968 INFO Epoch 10/10
2025-07-04 10:44:45,968 INFO Train Loss: 0.0658, Train Acc: 0.9781
2025-07-04 10:44:45,968 INFO Test Loss: 0.0779, Test Acc: 0.9800
2025-07-04 10:44:45,968 INFO --------------------------------------------------
2025-07-04 10:44:45,968 INFO Experiment results: {'train_losses': [0.3975625747442246, 0.1839109542965889, 0.13780966073274611, 0.12878520235419275, 0.09532110564410687, 0.0835002202540636, 0.0779536061361432, 0.06742134660482407, 0.0608719795756042, 0.06581862136721611], 'train_accs': [0.808125, 0.93125, 0.951875, 0.956875, 0.96875, 0.975, 0.973125, 0.976875, 0.975625, 0.978125], 'test_losses': [0.27641597390174866, 0.11493179947137833, 0.11914217472076416, 0.11147447302937508, 0.08445334434509277, 0.0853082500398159, 0.10794780030846596, 0.08066467382013798, 0.07450746931135654, 0.07790479436516762], 'test_accs': [0.875, 0.955, 0.9575, 0.96, 0.97, 0.97, 0.965, 0.975, 0.9725, 0.98]}
2025-07-04 10:44:46,170 INFO 5_layers: Final train_acc=0.9781, test_acc=0.9800, time=1.15s, params=176770
2025-07-04 10:44:46,170 INFO Training model: 7_layers (hidden=[512, 256, 128, 64, 32, 16])
2025-07-04 10:44:46,285 INFO Epoch 1/10
2025-07-04 10:44:46,285 INFO Train Loss: 0.4250, Train Acc: 0.8025
2025-07-04 10:44:46,285 INFO Test Loss: 0.2213, Test Acc: 0.9050
2025-07-04 10:44:46,285 INFO --------------------------------------------------
2025-07-04 10:44:46,380 INFO Epoch 2/10
2025-07-04 10:44:46,380 INFO Train Loss: 0.2125, Train Acc: 0.9163
2025-07-04 10:44:46,380 INFO Test Loss: 0.1198, Test Acc: 0.9450
2025-07-04 10:44:46,380 INFO --------------------------------------------------
2025-07-04 10:44:46,495 INFO Epoch 3/10
2025-07-04 10:44:46,495 INFO Train Loss: 0.1296, Train Acc: 0.9481
2025-07-04 10:44:46,495 INFO Test Loss: 0.0947, Test Acc: 0.9625
2025-07-04 10:44:46,495 INFO --------------------------------------------------
2025-07-04 10:44:46,625 INFO Epoch 4/10
2025-07-04 10:44:46,625 INFO Train Loss: 0.1081, Train Acc: 0.9631
2025-07-04 10:44:46,625 INFO Test Loss: 0.0923, Test Acc: 0.9725
2025-07-04 10:44:46,625 INFO --------------------------------------------------
2025-07-04 10:44:46,728 INFO Epoch 5/10
2025-07-04 10:44:46,728 INFO Train Loss: 0.1014, Train Acc: 0.9681
2025-07-04 10:44:46,728 INFO Test Loss: 0.0863, Test Acc: 0.9725
2025-07-04 10:44:46,728 INFO --------------------------------------------------
2025-07-04 10:44:46,835 INFO Epoch 6/10
2025-07-04 10:44:46,835 INFO Train Loss: 0.0802, Train Acc: 0.9781
2025-07-04 10:44:46,835 INFO Test Loss: 0.0986, Test Acc: 0.9700
2025-07-04 10:44:46,835 INFO --------------------------------------------------
2025-07-04 10:44:46,936 INFO Epoch 7/10
2025-07-04 10:44:46,936 INFO Train Loss: 0.0868, Train Acc: 0.9700
2025-07-04 10:44:46,936 INFO Test Loss: 0.0928, Test Acc: 0.9725
2025-07-04 10:44:46,936 INFO --------------------------------------------------
2025-07-04 10:44:47,030 INFO Epoch 8/10
2025-07-04 10:44:47,030 INFO Train Loss: 0.0630, Train Acc: 0.9806
2025-07-04 10:44:47,030 INFO Test Loss: 0.0855, Test Acc: 0.9750
2025-07-04 10:44:47,030 INFO --------------------------------------------------
2025-07-04 10:44:47,151 INFO Epoch 9/10
2025-07-04 10:44:47,151 INFO Train Loss: 0.0694, Train Acc: 0.9725
2025-07-04 10:44:47,151 INFO Test Loss: 0.0886, Test Acc: 0.9725
2025-07-04 10:44:47,151 INFO --------------------------------------------------
2025-07-04 10:44:47,282 INFO Epoch 10/10
2025-07-04 10:44:47,282 INFO Train Loss: 0.0626, Train Acc: 0.9756
2025-07-04 10:44:47,282 INFO Test Loss: 0.0766, Test Acc: 0.9750
2025-07-04 10:44:47,282 INFO --------------------------------------------------
2025-07-04 10:44:47,282 INFO Experiment results: {'train_losses': [0.42502061247825623, 0.21248531579971314, 0.12960809245705604, 0.10805916532874107, 0.1014336071908474, 0.0801643930375576, 0.08681840918958188, 0.06300786405801773, 0.0694254420697689, 0.06262975562363864], 'train_accs': [0.8025, 0.91625, 0.948125, 0.963125, 0.968125, 0.978125, 0.97, 0.980625, 0.9725, 0.975625], 'test_losses': [0.2213418409228325, 0.11978471279144287, 0.09473352879285812, 0.09229858592152596, 0.08632365986704826, 0.09864547476172447, 0.09282313287258148, 0.08550650998950005, 0.08856336027383804, 0.0765781607478857], 'test_accs': [0.905, 0.945, 0.9625, 0.9725, 0.9725, 0.97, 0.9725, 0.975, 0.9725, 0.975]}
2025-07-04 10:44:47,454 INFO 7_layers: Final train_acc=0.9756, test_acc=0.9750, time=1.11s, params=176770
2025-07-04 10:44:47,454 INFO Experiment results: {'1_layer': {'final_train_acc': 0.985, 'final_test_acc': 0.985, 'history': {'train_losses': [0.39601905703544615, 0.18606973707675933, 0.1458810219168663, 0.11481404021382331, 0.09960881903767586, 0.10288395062088966, 0.08741132456809282, 0.060323791727423665, 0.05921202035620809, 0.05341477060690522], 'train_accs': [0.831875, 0.92875, 0.944375, 0.96125, 0.968125, 0.961875, 0.97125, 0.979375, 0.9825, 0.985], 'test_losses': [0.22984646260738373, 0.12602660804986954, 0.09300888329744339, 0.1121410820633173, 0.09318647533655167, 0.06813226081430912, 0.06184221990406513, 0.06571771018207073, 0.05624889396131039, 0.06577914580702782], 'test_accs': [0.8925, 0.955, 0.9675, 0.96, 0.97, 0.97, 0.98, 0.975, 0.9825, 0.985]}, 'params': 176770, 'time': 1.9352431297302246}, '2_layers': {'final_train_acc': 0.976875, 'final_test_acc': 0.9675, 'history': {'train_losses': [0.42678649246692657, 0.1936837738752365, 0.1365895102918148, 0.10720597520470619, 0.1205073769390583, 0.07646771103143692, 0.07094078503549099, 0.06566512141376733, 0.06367356669157744, 0.0760546239092946], 'train_accs': [0.8, 0.92125, 0.954375, 0.96625, 0.956875, 0.9775, 0.974375, 0.9775, 0.980625, 0.976875], 'test_losses': [0.22785480320453644, 0.13354899361729622, 0.10607856512069702, 0.09451476857066154, 0.08903150260448456, 0.11481356993317604, 0.07671379297971725, 0.07012910395860672, 0.07412154600024223, 0.0923888199031353], 'test_accs': [0.8925, 0.9475, 0.9625, 0.965, 0.9725, 0.9525, 0.9725, 0.98, 0.9775, 0.9675]}, 'params': 176770, 'time': 1.0686051845550537}, '3_layers': {'final_train_acc': 0.978125, 'final_test_acc': 0.9775, 'history': {'train_losses': [0.39421096324920657, 0.19111233562231064, 0.12179618015885353, 0.10790588513016701, 0.09163042485713958, 0.10528685748577118, 0.0757557700574398, 0.06493663314729929, 0.06818255439400672, 0.06400364350527525], 'train_accs': [0.82375, 0.920625, 0.959375, 0.96125, 0.969375, 0.961875, 0.9775, 0.980625, 0.979375, 0.978125], 'test_losses': [0.2821689546108246, 0.1386890709400177, 0.07470638677477837, 0.07440071552991867, 0.08063558489084244, 0.07467852346599102, 0.06767183914780617, 0.07027781195938587, 0.07104821875691414, 0.08021872118115425], 'test_accs': [0.87, 0.945, 0.975, 0.9775, 0.9725, 0.975, 0.975, 0.9775, 0.975, 0.9775]}, 'params': 176770, 'time': 1.1083009243011475}, '5_layers': {'final_train_acc': 0.978125, 'final_test_acc': 0.98, 'history': {'train_losses': [0.3975625747442246, 0.1839109542965889, 0.13780966073274611, 0.12878520235419275, 0.09532110564410687, 0.0835002202540636, 0.0779536061361432, 0.06742134660482407, 0.0608719795756042, 0.06581862136721611], 'train_accs': [0.808125, 0.93125, 0.951875, 0.956875, 0.96875, 0.975, 0.973125, 0.976875, 0.975625, 0.978125], 'test_losses': [0.27641597390174866, 0.11493179947137833, 0.11914217472076416, 0.11147447302937508, 0.08445334434509277, 0.0853082500398159, 0.10794780030846596, 0.08066467382013798, 0.07450746931135654, 0.07790479436516762], 'test_accs': [0.875, 0.955, 0.9575, 0.96, 0.97, 0.97, 0.965, 0.975, 0.9725, 0.98]}, 'params': 176770, 'time': 1.1518704891204834}, '7_layers': {'final_train_acc': 0.975625, 'final_test_acc': 0.975, 'history': {'train_losses': [0.42502061247825623, 0.21248531579971314, 0.12960809245705604, 0.10805916532874107, 0.1014336071908474, 0.0801643930375576, 0.08681840918958188, 0.06300786405801773, 0.0694254420697689, 0.06262975562363864], 'train_accs': [0.8025, 0.91625, 0.948125, 0.963125, 0.968125, 0.978125, 0.97, 0.980625, 0.9725, 0.975625], 'test_losses': [0.2213418409228325, 0.11978471279144287, 0.09473352879285812, 0.09229858592152596, 0.08632365986704826, 0.09864547476172447, 0.09282313287258148, 0.08550650998950005, 0.08856336027383804, 0.0765781607478857], 'test_accs': [0.905, 0.945, 0.9625, 0.9725, 0.9725, 0.97, 0.9725, 0.975, 0.9725, 0.975]}, 'params': 176770, 'time': 1.1110308170318604}}
2025-07-04 10:45:08,150 INFO Training model: 1_layer (hidden=[])
2025-07-04 10:45:09,223 INFO Epoch 1/10
2025-07-04 10:45:09,223 INFO Train Loss: 0.4172, Train Acc: 0.8069
2025-07-04 10:45:09,223 INFO Test Loss: 0.2069, Test Acc: 0.9225
2025-07-04 10:45:09,223 INFO --------------------------------------------------
2025-07-04 10:45:09,375 INFO Epoch 2/10
2025-07-04 10:45:09,375 INFO Train Loss: 0.2010, Train Acc: 0.9231
2025-07-04 10:45:09,375 INFO Test Loss: 0.1139, Test Acc: 0.9625
2025-07-04 10:45:09,376 INFO --------------------------------------------------
2025-07-04 10:45:09,476 INFO Epoch 3/10
2025-07-04 10:45:09,476 INFO Train Loss: 0.1309, Train Acc: 0.9556
2025-07-04 10:45:09,476 INFO Test Loss: 0.1013, Test Acc: 0.9625
2025-07-04 10:45:09,476 INFO --------------------------------------------------
2025-07-04 10:45:09,586 INFO Epoch 4/10
2025-07-04 10:45:09,586 INFO Train Loss: 0.1204, Train Acc: 0.9550
2025-07-04 10:45:09,586 INFO Test Loss: 0.0915, Test Acc: 0.9750
2025-07-04 10:45:09,586 INFO --------------------------------------------------
2025-07-04 10:45:09,689 INFO Epoch 5/10
2025-07-04 10:45:09,689 INFO Train Loss: 0.1043, Train Acc: 0.9625
2025-07-04 10:45:09,689 INFO Test Loss: 0.0864, Test Acc: 0.9700
2025-07-04 10:45:09,689 INFO --------------------------------------------------
2025-07-04 10:45:09,787 INFO Epoch 6/10
2025-07-04 10:45:09,787 INFO Train Loss: 0.1155, Train Acc: 0.9587
2025-07-04 10:45:09,787 INFO Test Loss: 0.0753, Test Acc: 0.9700
2025-07-04 10:45:09,787 INFO --------------------------------------------------
2025-07-04 10:45:09,918 INFO Epoch 7/10
2025-07-04 10:45:09,918 INFO Train Loss: 0.0762, Train Acc: 0.9725
2025-07-04 10:45:09,918 INFO Test Loss: 0.0807, Test Acc: 0.9700
2025-07-04 10:45:09,918 INFO --------------------------------------------------
2025-07-04 10:45:10,024 INFO Epoch 8/10
2025-07-04 10:45:10,024 INFO Train Loss: 0.0620, Train Acc: 0.9800
2025-07-04 10:45:10,024 INFO Test Loss: 0.0744, Test Acc: 0.9700
2025-07-04 10:45:10,024 INFO --------------------------------------------------
2025-07-04 10:45:10,137 INFO Epoch 9/10
2025-07-04 10:45:10,137 INFO Train Loss: 0.0869, Train Acc: 0.9669
2025-07-04 10:45:10,137 INFO Test Loss: 0.0867, Test Acc: 0.9725
2025-07-04 10:45:10,137 INFO --------------------------------------------------
2025-07-04 10:45:10,233 INFO Epoch 10/10
2025-07-04 10:45:10,233 INFO Train Loss: 0.0703, Train Acc: 0.9762
2025-07-04 10:45:10,234 INFO Test Loss: 0.0737, Test Acc: 0.9700
2025-07-04 10:45:10,234 INFO --------------------------------------------------
2025-07-04 10:45:10,234 INFO Experiment results: {'train_losses': [0.417161625623703, 0.20097456455230714, 0.13085449054837228, 0.12042034342885018, 0.10433070011436939, 0.11549592539668083, 0.07620640031993389, 0.06203058017417788, 0.0869156963005662, 0.07026953965425492], 'train_accs': [0.806875, 0.923125, 0.955625, 0.955, 0.9625, 0.95875, 0.9725, 0.98, 0.966875, 0.97625], 'test_losses': [0.20686530321836472, 0.11394711583852768, 0.10128996148705482, 0.09151959791779518, 0.08640458807349205, 0.07530898042023182, 0.08065756224095821, 0.07438406720757484, 0.08672209456562996, 0.07370578125119209], 'test_accs': [0.9225, 0.9625, 0.9625, 0.975, 0.97, 0.97, 0.97, 0.97, 0.9725, 0.97]}
2025-07-04 10:45:10,439 INFO Training model: 2_layers (hidden=[64])
2025-07-04 10:45:10,558 INFO Epoch 1/10
2025-07-04 10:45:10,558 INFO Train Loss: 0.4265, Train Acc: 0.7987
2025-07-04 10:45:10,558 INFO Test Loss: 0.2669, Test Acc: 0.8800
2025-07-04 10:45:10,558 INFO --------------------------------------------------
2025-07-04 10:45:10,684 INFO Epoch 2/10
2025-07-04 10:45:10,684 INFO Train Loss: 0.2061, Train Acc: 0.9194
2025-07-04 10:45:10,684 INFO Test Loss: 0.2043, Test Acc: 0.9150
2025-07-04 10:45:10,684 INFO --------------------------------------------------
2025-07-04 10:45:10,824 INFO Epoch 3/10
2025-07-04 10:45:10,824 INFO Train Loss: 0.1375, Train Acc: 0.9481
2025-07-04 10:45:10,824 INFO Test Loss: 0.0811, Test Acc: 0.9700
2025-07-04 10:45:10,824 INFO --------------------------------------------------
2025-07-04 10:45:10,960 INFO Epoch 4/10
2025-07-04 10:45:10,960 INFO Train Loss: 0.0974, Train Acc: 0.9656
2025-07-04 10:45:10,960 INFO Test Loss: 0.0849, Test Acc: 0.9675
2025-07-04 10:45:10,960 INFO --------------------------------------------------
2025-07-04 10:45:11,059 INFO Epoch 5/10
2025-07-04 10:45:11,059 INFO Train Loss: 0.1064, Train Acc: 0.9600
2025-07-04 10:45:11,060 INFO Test Loss: 0.1250, Test Acc: 0.9425
2025-07-04 10:45:11,060 INFO --------------------------------------------------
2025-07-04 10:45:11,159 INFO Epoch 6/10
2025-07-04 10:45:11,159 INFO Train Loss: 0.1299, Train Acc: 0.9531
2025-07-04 10:45:11,159 INFO Test Loss: 0.0686, Test Acc: 0.9650
2025-07-04 10:45:11,159 INFO --------------------------------------------------
2025-07-04 10:45:11,298 INFO Epoch 7/10
2025-07-04 10:45:11,298 INFO Train Loss: 0.0752, Train Acc: 0.9731
2025-07-04 10:45:11,298 INFO Test Loss: 0.0805, Test Acc: 0.9725
2025-07-04 10:45:11,298 INFO --------------------------------------------------
2025-07-04 10:45:11,421 INFO Epoch 8/10
2025-07-04 10:45:11,421 INFO Train Loss: 0.0757, Train Acc: 0.9725
2025-07-04 10:45:11,421 INFO Test Loss: 0.0905, Test Acc: 0.9500
2025-07-04 10:45:11,421 INFO --------------------------------------------------
2025-07-04 10:45:11,529 INFO Epoch 9/10
2025-07-04 10:45:11,529 INFO Train Loss: 0.0669, Train Acc: 0.9781
2025-07-04 10:45:11,529 INFO Test Loss: 0.0626, Test Acc: 0.9775
2025-07-04 10:45:11,529 INFO --------------------------------------------------
2025-07-04 10:45:11,629 INFO Epoch 10/10
2025-07-04 10:45:11,629 INFO Train Loss: 0.0567, Train Acc: 0.9831
2025-07-04 10:45:11,629 INFO Test Loss: 0.0622, Test Acc: 0.9775
2025-07-04 10:45:11,629 INFO --------------------------------------------------
2025-07-04 10:45:11,629 INFO Experiment results: {'train_losses': [0.42651849627494814, 0.2060990634560585, 0.13754998207092284, 0.09735590070486069, 0.10643136098980904, 0.12987261310219764, 0.07517726927995681, 0.07568840112537145, 0.06686630472540855, 0.05674909371882677], 'train_accs': [0.79875, 0.919375, 0.948125, 0.965625, 0.96, 0.953125, 0.973125, 0.9725, 0.978125, 0.983125], 'test_losses': [0.2669084668159485, 0.2042539343237877, 0.08110950700938702, 0.0849352590739727, 0.1249796636402607, 0.06859842501580715, 0.08053934387862682, 0.09049028530716896, 0.06257928907871246, 0.06217147037386894], 'test_accs': [0.88, 0.915, 0.97, 0.9675, 0.9425, 0.965, 0.9725, 0.95, 0.9775, 0.9775]}
2025-07-04 10:45:11,809 INFO Training model: 3_layers (hidden=[128, 64])
2025-07-04 10:45:11,919 INFO Epoch 1/10
2025-07-04 10:45:11,920 INFO Train Loss: 0.4200, Train Acc: 0.8137
2025-07-04 10:45:11,920 INFO Test Loss: 0.2392, Test Acc: 0.8875
2025-07-04 10:45:11,920 INFO --------------------------------------------------
2025-07-04 10:45:12,031 INFO Epoch 2/10
2025-07-04 10:45:12,032 INFO Train Loss: 0.2105, Train Acc: 0.9094
2025-07-04 10:45:12,032 INFO Test Loss: 0.1314, Test Acc: 0.9475
2025-07-04 10:45:12,032 INFO --------------------------------------------------
2025-07-04 10:45:12,122 INFO Epoch 3/10
2025-07-04 10:45:12,122 INFO Train Loss: 0.1387, Train Acc: 0.9525
2025-07-04 10:45:12,122 INFO Test Loss: 0.0799, Test Acc: 0.9625
2025-07-04 10:45:12,122 INFO --------------------------------------------------
2025-07-04 10:45:12,224 INFO Epoch 4/10
2025-07-04 10:45:12,225 INFO Train Loss: 0.1077, Train Acc: 0.9631
2025-07-04 10:45:12,225 INFO Test Loss: 0.0848, Test Acc: 0.9700
2025-07-04 10:45:12,225 INFO --------------------------------------------------
2025-07-04 10:45:12,340 INFO Epoch 5/10
2025-07-04 10:45:12,340 INFO Train Loss: 0.1090, Train Acc: 0.9656
2025-07-04 10:45:12,340 INFO Test Loss: 0.1161, Test Acc: 0.9550
2025-07-04 10:45:12,340 INFO --------------------------------------------------
2025-07-04 10:45:12,450 INFO Epoch 6/10
2025-07-04 10:45:12,450 INFO Train Loss: 0.1100, Train Acc: 0.9613
2025-07-04 10:45:12,450 INFO Test Loss: 0.0716, Test Acc: 0.9675
2025-07-04 10:45:12,450 INFO --------------------------------------------------
2025-07-04 10:45:12,563 INFO Epoch 7/10
2025-07-04 10:45:12,563 INFO Train Loss: 0.0818, Train Acc: 0.9744
2025-07-04 10:45:12,563 INFO Test Loss: 0.0824, Test Acc: 0.9625
2025-07-04 10:45:12,563 INFO --------------------------------------------------
2025-07-04 10:45:12,699 INFO Epoch 8/10
2025-07-04 10:45:12,699 INFO Train Loss: 0.0590, Train Acc: 0.9838
2025-07-04 10:45:12,699 INFO Test Loss: 0.0708, Test Acc: 0.9750
2025-07-04 10:45:12,699 INFO --------------------------------------------------
2025-07-04 10:45:12,811 INFO Epoch 9/10
2025-07-04 10:45:12,811 INFO Train Loss: 0.0540, Train Acc: 0.9856
2025-07-04 10:45:12,811 INFO Test Loss: 0.0664, Test Acc: 0.9675
2025-07-04 10:45:12,811 INFO --------------------------------------------------
2025-07-04 10:45:12,947 INFO Epoch 10/10
2025-07-04 10:45:12,948 INFO Train Loss: 0.0658, Train Acc: 0.9769
2025-07-04 10:45:12,948 INFO Test Loss: 0.0697, Test Acc: 0.9775
2025-07-04 10:45:12,948 INFO --------------------------------------------------
2025-07-04 10:45:12,948 INFO Experiment results: {'train_losses': [0.4199665230512619, 0.21052328556776045, 0.1387212084233761, 0.1076695604622364, 0.1090479052066803, 0.11003126829862594, 0.08181654214859009, 0.05896940395236015, 0.05404863461852074, 0.06576787887141108], 'train_accs': [0.81375, 0.909375, 0.9525, 0.963125, 0.965625, 0.96125, 0.974375, 0.98375, 0.985625, 0.976875], 'test_losses': [0.23919188976287842, 0.13139814883470535, 0.07991811446845531, 0.08482680656015873, 0.11614131182432175, 0.07157224789261818, 0.08244669809937477, 0.07081235758960247, 0.06641297787427902, 0.06974021717905998], 'test_accs': [0.8875, 0.9475, 0.9625, 0.97, 0.955, 0.9675, 0.9625, 0.975, 0.9675, 0.9775]}
2025-07-04 10:45:13,167 INFO Training model: 5_layers (hidden=[256, 128, 64, 32])
2025-07-04 10:45:13,283 INFO Epoch 1/10
2025-07-04 10:45:13,283 INFO Train Loss: 0.3790, Train Acc: 0.8313
2025-07-04 10:45:13,283 INFO Test Loss: 0.2305, Test Acc: 0.9100
2025-07-04 10:45:13,283 INFO --------------------------------------------------
2025-07-04 10:45:13,426 INFO Epoch 2/10
2025-07-04 10:45:13,426 INFO Train Loss: 0.1938, Train Acc: 0.9294
2025-07-04 10:45:13,426 INFO Test Loss: 0.1261, Test Acc: 0.9625
2025-07-04 10:45:13,426 INFO --------------------------------------------------
2025-07-04 10:45:13,523 INFO Epoch 3/10
2025-07-04 10:45:13,523 INFO Train Loss: 0.1263, Train Acc: 0.9569
2025-07-04 10:45:13,523 INFO Test Loss: 0.0980, Test Acc: 0.9700
2025-07-04 10:45:13,523 INFO --------------------------------------------------
2025-07-04 10:45:13,622 INFO Epoch 4/10
2025-07-04 10:45:13,622 INFO Train Loss: 0.0962, Train Acc: 0.9675
2025-07-04 10:45:13,622 INFO Test Loss: 0.0949, Test Acc: 0.9700
2025-07-04 10:45:13,622 INFO --------------------------------------------------
2025-07-04 10:45:13,726 INFO Epoch 5/10
2025-07-04 10:45:13,727 INFO Train Loss: 0.0970, Train Acc: 0.9625
2025-07-04 10:45:13,727 INFO Test Loss: 0.1074, Test Acc: 0.9575
2025-07-04 10:45:13,727 INFO --------------------------------------------------
2025-07-04 10:45:13,832 INFO Epoch 6/10
2025-07-04 10:45:13,832 INFO Train Loss: 0.0773, Train Acc: 0.9750
2025-07-04 10:45:13,832 INFO Test Loss: 0.0689, Test Acc: 0.9750
2025-07-04 10:45:13,832 INFO --------------------------------------------------
2025-07-04 10:45:13,943 INFO Epoch 7/10
2025-07-04 10:45:13,943 INFO Train Loss: 0.0659, Train Acc: 0.9781
2025-07-04 10:45:13,943 INFO Test Loss: 0.0716, Test Acc: 0.9725
2025-07-04 10:45:13,943 INFO --------------------------------------------------
2025-07-04 10:45:14,048 INFO Epoch 8/10
2025-07-04 10:45:14,049 INFO Train Loss: 0.0730, Train Acc: 0.9744
2025-07-04 10:45:14,049 INFO Test Loss: 0.0798, Test Acc: 0.9750
2025-07-04 10:45:14,049 INFO --------------------------------------------------
2025-07-04 10:45:14,173 INFO Epoch 9/10
2025-07-04 10:45:14,173 INFO Train Loss: 0.0765, Train Acc: 0.9738
2025-07-04 10:45:14,173 INFO Test Loss: 0.0999, Test Acc: 0.9600
2025-07-04 10:45:14,173 INFO --------------------------------------------------
2025-07-04 10:45:14,315 INFO Epoch 10/10
2025-07-04 10:45:14,315 INFO Train Loss: 0.0685, Train Acc: 0.9769
2025-07-04 10:45:14,315 INFO Test Loss: 0.0537, Test Acc: 0.9875
2025-07-04 10:45:14,315 INFO --------------------------------------------------
2025-07-04 10:45:14,315 INFO Experiment results: {'train_losses': [0.37901361763477326, 0.19384537473320962, 0.12631177499890328, 0.09621548630297184, 0.09703853949904442, 0.07734252166002989, 0.06593213345855474, 0.07301501017063856, 0.07646545043215155, 0.06853833064436912], 'train_accs': [0.83125, 0.929375, 0.956875, 0.9675, 0.9625, 0.975, 0.978125, 0.974375, 0.97375, 0.976875], 'test_losses': [0.23047302663326263, 0.12606623768806458, 0.09799069538712502, 0.09490686655044556, 0.1074470728635788, 0.06889164634048939, 0.07157828286290169, 0.07979835383594036, 0.09986064955592155, 0.05373373627662659], 'test_accs': [0.91, 0.9625, 0.97, 0.97, 0.9575, 0.975, 0.9725, 0.975, 0.96, 0.9875]}
2025-07-04 10:45:14,506 INFO Training model: 7_layers (hidden=[512, 256, 128, 64, 32, 16])
2025-07-04 10:45:14,604 INFO Epoch 1/10
2025-07-04 10:45:14,604 INFO Train Loss: 0.3844, Train Acc: 0.8237
2025-07-04 10:45:14,604 INFO Test Loss: 0.2113, Test Acc: 0.8975
2025-07-04 10:45:14,604 INFO --------------------------------------------------
2025-07-04 10:45:14,689 INFO Epoch 2/10
2025-07-04 10:45:14,689 INFO Train Loss: 0.1927, Train Acc: 0.9300
2025-07-04 10:45:14,689 INFO Test Loss: 0.1410, Test Acc: 0.9450
2025-07-04 10:45:14,689 INFO --------------------------------------------------
2025-07-04 10:45:14,786 INFO Epoch 3/10
2025-07-04 10:45:14,786 INFO Train Loss: 0.1388, Train Acc: 0.9444
2025-07-04 10:45:14,786 INFO Test Loss: 0.1027, Test Acc: 0.9650
2025-07-04 10:45:14,786 INFO --------------------------------------------------
2025-07-04 10:45:14,892 INFO Epoch 4/10
2025-07-04 10:45:14,892 INFO Train Loss: 0.1195, Train Acc: 0.9563
2025-07-04 10:45:14,892 INFO Test Loss: 0.0998, Test Acc: 0.9625
2025-07-04 10:45:14,892 INFO --------------------------------------------------
2025-07-04 10:45:14,982 INFO Epoch 5/10
2025-07-04 10:45:14,982 INFO Train Loss: 0.0909, Train Acc: 0.9706
2025-07-04 10:45:14,982 INFO Test Loss: 0.1106, Test Acc: 0.9600
2025-07-04 10:45:14,982 INFO --------------------------------------------------
2025-07-04 10:45:15,083 INFO Epoch 6/10
2025-07-04 10:45:15,083 INFO Train Loss: 0.0877, Train Acc: 0.9706
2025-07-04 10:45:15,083 INFO Test Loss: 0.0791, Test Acc: 0.9775
2025-07-04 10:45:15,083 INFO --------------------------------------------------
2025-07-04 10:45:15,178 INFO Epoch 7/10
2025-07-04 10:45:15,178 INFO Train Loss: 0.0734, Train Acc: 0.9762
2025-07-04 10:45:15,178 INFO Test Loss: 0.0885, Test Acc: 0.9650
2025-07-04 10:45:15,178 INFO --------------------------------------------------
2025-07-04 10:45:15,300 INFO Epoch 8/10
2025-07-04 10:45:15,300 INFO Train Loss: 0.0845, Train Acc: 0.9706
2025-07-04 10:45:15,300 INFO Test Loss: 0.0847, Test Acc: 0.9725
2025-07-04 10:45:15,300 INFO --------------------------------------------------
2025-07-04 10:45:15,410 INFO Epoch 9/10
2025-07-04 10:45:15,410 INFO Train Loss: 0.0527, Train Acc: 0.9844
2025-07-04 10:45:15,410 INFO Test Loss: 0.0811, Test Acc: 0.9700
2025-07-04 10:45:15,410 INFO --------------------------------------------------
2025-07-04 10:45:15,506 INFO Epoch 10/10
2025-07-04 10:45:15,506 INFO Train Loss: 0.0537, Train Acc: 0.9819
2025-07-04 10:45:15,506 INFO Test Loss: 0.0779, Test Acc: 0.9775
2025-07-04 10:45:15,506 INFO --------------------------------------------------
2025-07-04 10:45:15,506 INFO Experiment results: {'train_losses': [0.38439657390117643, 0.1927008345723152, 0.13877217516303061, 0.11948440968990326, 0.090851169526577, 0.08767540257424117, 0.07342188566923141, 0.08452772706747055, 0.05274605840444565, 0.05371317179873586], 'train_accs': [0.82375, 0.93, 0.944375, 0.95625, 0.970625, 0.970625, 0.97625, 0.970625, 0.984375, 0.981875], 'test_losses': [0.21128831058740616, 0.14101602882146835, 0.10266149789094925, 0.09976975247263908, 0.11060240119695663, 0.07911625504493713, 0.08849351108074188, 0.08465107530355453, 0.08107714354991913, 0.07793469354510307], 'test_accs': [0.8975, 0.945, 0.965, 0.9625, 0.96, 0.9775, 0.965, 0.9725, 0.97, 0.9775]}
2025-07-04 10:45:15,685 INFO Experiment results: {'1_layer': {'final_train_acc': 0.97625, 'final_test_acc': 0.97, 'history': {'train_losses': [0.417161625623703, 0.20097456455230714, 0.13085449054837228, 0.12042034342885018, 0.10433070011436939, 0.11549592539668083, 0.07620640031993389, 0.06203058017417788, 0.0869156963005662, 0.07026953965425492], 'train_accs': [0.806875, 0.923125, 0.955625, 0.955, 0.9625, 0.95875, 0.9725, 0.98, 0.966875, 0.97625], 'test_losses': [0.20686530321836472, 0.11394711583852768, 0.10128996148705482, 0.09151959791779518, 0.08640458807349205, 0.07530898042023182, 0.08065756224095821, 0.07438406720757484, 0.08672209456562996, 0.07370578125119209], 'test_accs': [0.9225, 0.9625, 0.9625, 0.975, 0.97, 0.97, 0.97, 0.97, 0.9725, 0.97]}, 'params': 176770, 'time': 2.0819191932678223}, '2_layers': {'final_train_acc': 0.983125, 'final_test_acc': 0.9775, 'history': {'train_losses': [0.42651849627494814, 0.2060990634560585, 0.13754998207092284, 0.09735590070486069, 0.10643136098980904, 0.12987261310219764, 0.07517726927995681, 0.07568840112537145, 0.06686630472540855, 0.05674909371882677], 'train_accs': [0.79875, 0.919375, 0.948125, 0.965625, 0.96, 0.953125, 0.973125, 0.9725, 0.978125, 0.983125], 'test_losses': [0.2669084668159485, 0.2042539343237877, 0.08110950700938702, 0.0849352590739727, 0.1249796636402607, 0.06859842501580715, 0.08053934387862682, 0.09049028530716896, 0.06257928907871246, 0.06217147037386894], 'test_accs': [0.88, 0.915, 0.97, 0.9675, 0.9425, 0.965, 0.9725, 0.95, 0.9775, 0.9775]}, 'params': 176770, 'time': 1.1887893676757812}, '3_layers': {'final_train_acc': 0.976875, 'final_test_acc': 0.9775, 'history': {'train_losses': [0.4199665230512619, 0.21052328556776045, 0.1387212084233761, 0.1076695604622364, 0.1090479052066803, 0.11003126829862594, 0.08181654214859009, 0.05896940395236015, 0.05404863461852074, 0.06576787887141108], 'train_accs': [0.81375, 0.909375, 0.9525, 0.963125, 0.965625, 0.96125, 0.974375, 0.98375, 0.985625, 0.976875], 'test_losses': [0.23919188976287842, 0.13139814883470535, 0.07991811446845531, 0.08482680656015873, 0.11614131182432175, 0.07157224789261818, 0.08244669809937477, 0.07081235758960247, 0.06641297787427902, 0.06974021717905998], 'test_accs': [0.8875, 0.9475, 0.9625, 0.97, 0.955, 0.9675, 0.9625, 0.975, 0.9675, 0.9775]}, 'params': 176770, 'time': 1.1377534866333008}, '5_layers': {'final_train_acc': 0.976875, 'final_test_acc': 0.9875, 'history': {'train_losses': [0.37901361763477326, 0.19384537473320962, 0.12631177499890328, 0.09621548630297184, 0.09703853949904442, 0.07734252166002989, 0.06593213345855474, 0.07301501017063856, 0.07646545043215155, 0.06853833064436912], 'train_accs': [0.83125, 0.929375, 0.956875, 0.9675, 0.9625, 0.975, 0.978125, 0.974375, 0.97375, 0.976875], 'test_losses': [0.23047302663326263, 0.12606623768806458, 0.09799069538712502, 0.09490686655044556, 0.1074470728635788, 0.06889164634048939, 0.07157828286290169, 0.07979835383594036, 0.09986064955592155, 0.05373373627662659], 'test_accs': [0.91, 0.9625, 0.97, 0.97, 0.9575, 0.975, 0.9725, 0.975, 0.96, 0.9875]}, 'params': 176770, 'time': 1.1468474864959717}, '7_layers': {'final_train_acc': 0.981875, 'final_test_acc': 0.9775, 'history': {'train_losses': [0.38439657390117643, 0.1927008345723152, 0.13877217516303061, 0.11948440968990326, 0.090851169526577, 0.08767540257424117, 0.07342188566923141, 0.08452772706747055, 0.05274605840444565, 0.05371317179873586], 'train_accs': [0.82375, 0.93, 0.944375, 0.95625, 0.970625, 0.970625, 0.97625, 0.970625, 0.984375, 0.981875], 'test_losses': [0.21128831058740616, 0.14101602882146835, 0.10266149789094925, 0.09976975247263908, 0.11060240119695663, 0.07911625504493713, 0.08849351108074188, 0.08465107530355453, 0.08107714354991913, 0.07793469354510307], 'test_accs': [0.8975, 0.945, 0.965, 0.9625, 0.96, 0.9775, 0.965, 0.9725, 0.97, 0.9775]}, 'params': 176770, 'time': 0.9990808963775635}}
2025-07-04 10:45:42,795 INFO Training model: 1_layer (hidden=[])
2025-07-04 10:45:44,607 INFO Experiment results: {'train_losses': [0.45574230432510376, 0.22631219953298568, 0.13914940223097802, 0.10935146689414978, 0.10367721080780029, 0.0971725244820118, 0.08029977932572364, 0.06667041517794133, 0.05574928402900696, 0.05503898119553924], 'train_accs': [0.7675, 0.91125, 0.94875, 0.959375, 0.96375, 0.965625, 0.9775, 0.97875, 0.98125, 0.9825], 'test_losses': [0.26861754059791565, 0.1443817913532257, 0.11193827167153358, 0.08271152153611183, 0.08599472418427467, 0.08489738218486309, 0.09136606380343437, 0.07724474743008614, 0.0791865698993206, 0.08824043720960617], 'test_accs': [0.875, 0.94, 0.9475, 0.9725, 0.9725, 0.9625, 0.97, 0.975, 0.9725, 0.9725]}
2025-07-04 10:45:44,792 INFO Training model: 2_layers (hidden=[64])
2025-07-04 10:45:45,898 INFO Experiment results: {'train_losses': [0.40416415154933927, 0.18837723284959793, 0.13255887165665625, 0.11672668039798736, 0.0790491070598364, 0.07389539144933224, 0.07489456072449684, 0.09103554531931878, 0.057639323696494105, 0.05790373552590609], 'train_accs': [0.81375, 0.9275, 0.955625, 0.965625, 0.978125, 0.9775, 0.978125, 0.965625, 0.9825, 0.985625], 'test_losses': [0.2152993381023407, 0.18209736049175262, 0.08137898333370686, 0.07353023625910282, 0.0668260008096695, 0.06473375484347343, 0.11858746781945229, 0.07733942195773125, 0.0677967332303524, 0.06653744168579578], 'test_accs': [0.9175, 0.9275, 0.9725, 0.975, 0.9775, 0.9775, 0.96, 0.965, 0.975, 0.9775]}
2025-07-04 10:45:46,088 INFO Training model: 3_layers (hidden=[128, 64])
2025-07-04 10:45:47,179 INFO Experiment results: {'train_losses': [0.42829201102256775, 0.20977420777082442, 0.16355716094374656, 0.13189640074968337, 0.09520173072814941, 0.07809360973536968, 0.0807599800825119, 0.06143331047147513, 0.06267685819417239, 0.04861975371837616], 'train_accs': [0.78875, 0.915, 0.940625, 0.95625, 0.965, 0.975625, 0.97625, 0.97875, 0.979375, 0.984375], 'test_losses': [0.24742714315652847, 0.11466599628329277, 0.13125044852495193, 0.08425861597061157, 0.09569067507982254, 0.07913418486714363, 0.08221551775932312, 0.0729401558637619, 0.0732545405626297, 0.07583071105182171], 'test_accs': [0.89, 0.95, 0.955, 0.975, 0.97, 0.9775, 0.97, 0.9775, 0.975, 0.97]}
2025-07-04 10:45:47,384 INFO Training model: 5_layers (hidden=[256, 128, 64, 32])
2025-07-04 10:45:49,063 INFO Experiment results: {'train_losses': [0.3876450687646866, 0.18260008215904236, 0.14891840487718583, 0.11357065811753272, 0.10256373181939125, 0.08074484601616859, 0.06838464245200157, 0.08181663446128368, 0.06265264764428138, 0.06594566874206066], 'train_accs': [0.81875, 0.93125, 0.944375, 0.956875, 0.96, 0.97125, 0.97375, 0.975625, 0.975, 0.978125], 'test_losses': [0.20943382382392883, 0.12525174394249916, 0.0821775384247303, 0.10829616710543633, 0.13545206934213638, 0.08425541780889034, 0.08814464136958122, 0.09032207354903221, 0.08110479079186916, 0.09172224253416061], 'test_accs': [0.91, 0.9525, 0.97, 0.955, 0.9475, 0.9725, 0.97, 0.97, 0.9675, 0.97]}
2025-07-04 10:45:49,238 INFO Training model: 7_layers (hidden=[512, 256, 128, 64, 32, 16])
2025-07-04 10:45:50,323 INFO Experiment results: {'train_losses': [0.3948981887102127, 0.17889591544866562, 0.11954870343208313, 0.10889203116297722, 0.08316101782023906, 0.10175278455018998, 0.07803923062980175, 0.07006919711828231, 0.06290588639676571, 0.054854731783270834], 'train_accs': [0.824375, 0.934375, 0.956875, 0.96375, 0.975, 0.958125, 0.975, 0.974375, 0.979375, 0.9825], 'test_losses': [0.20330236852169037, 0.12172530591487885, 0.09176807850599289, 0.08404285088181496, 0.07802576571702957, 0.08860486187040806, 0.07947609573602676, 0.07383416965603828, 0.06931406259536743, 0.07497266307473183], 'test_accs': [0.9125, 0.955, 0.9675, 0.9675, 0.975, 0.9625, 0.97, 0.975, 0.9725, 0.9675]}
2025-07-04 10:45:50,532 INFO Experiment results: {'1_layer': {'final_train_acc': 0.9825, 'final_test_acc': 0.9725, 'history': {'train_losses': [0.45574230432510376, 0.22631219953298568, 0.13914940223097802, 0.10935146689414978, 0.10367721080780029, 0.0971725244820118, 0.08029977932572364, 0.06667041517794133, 0.05574928402900696, 0.05503898119553924], 'train_accs': [0.7675, 0.91125, 0.94875, 0.959375, 0.96375, 0.965625, 0.9775, 0.97875, 0.98125, 0.9825], 'test_losses': [0.26861754059791565, 0.1443817913532257, 0.11193827167153358, 0.08271152153611183, 0.08599472418427467, 0.08489738218486309, 0.09136606380343437, 0.07724474743008614, 0.0791865698993206, 0.08824043720960617], 'test_accs': [0.875, 0.94, 0.9475, 0.9725, 0.9725, 0.9625, 0.97, 0.975, 0.9725, 0.9725]}, 'params': 176770, 'time': 1.8107969760894775}, '2_layers': {'final_train_acc': 0.985625, 'final_test_acc': 0.9775, 'history': {'train_losses': [0.40416415154933927, 0.18837723284959793, 0.13255887165665625, 0.11672668039798736, 0.0790491070598364, 0.07389539144933224, 0.07489456072449684, 0.09103554531931878, 0.057639323696494105, 0.05790373552590609], 'train_accs': [0.81375, 0.9275, 0.955625, 0.965625, 0.978125, 0.9775, 0.978125, 0.965625, 0.9825, 0.985625], 'test_losses': [0.2152993381023407, 0.18209736049175262, 0.08137898333370686, 0.07353023625910282, 0.0668260008096695, 0.06473375484347343, 0.11858746781945229, 0.07733942195773125, 0.0677967332303524, 0.06653744168579578], 'test_accs': [0.9175, 0.9275, 0.9725, 0.975, 0.9775, 0.9775, 0.96, 0.965, 0.975, 0.9775]}, 'params': 176770, 'time': 1.1045634746551514}, '3_layers': {'final_train_acc': 0.984375, 'final_test_acc': 0.97, 'history': {'train_losses': [0.42829201102256775, 0.20977420777082442, 0.16355716094374656, 0.13189640074968337, 0.09520173072814941, 0.07809360973536968, 0.0807599800825119, 0.06143331047147513, 0.06267685819417239, 0.04861975371837616], 'train_accs': [0.78875, 0.915, 0.940625, 0.95625, 0.965, 0.975625, 0.97625, 0.97875, 0.979375, 0.984375], 'test_losses': [0.24742714315652847, 0.11466599628329277, 0.13125044852495193, 0.08425861597061157, 0.09569067507982254, 0.07913418486714363, 0.08221551775932312, 0.0729401558637619, 0.0732545405626297, 0.07583071105182171], 'test_accs': [0.89, 0.95, 0.955, 0.975, 0.97, 0.9775, 0.97, 0.9775, 0.975, 0.97]}, 'params': 176770, 'time': 1.0891332626342773}, '5_layers': {'final_train_acc': 0.978125, 'final_test_acc': 0.97, 'history': {'train_losses': [0.3876450687646866, 0.18260008215904236, 0.14891840487718583, 0.11357065811753272, 0.10256373181939125, 0.08074484601616859, 0.06838464245200157, 0.08181663446128368, 0.06265264764428138, 0.06594566874206066], 'train_accs': [0.81875, 0.93125, 0.944375, 0.956875, 0.96, 0.97125, 0.97375, 0.975625, 0.975, 0.978125], 'test_losses': [0.20943382382392883, 0.12525174394249916, 0.0821775384247303, 0.10829616710543633, 0.13545206934213638, 0.08425541780889034, 0.08814464136958122, 0.09032207354903221, 0.08110479079186916, 0.09172224253416061], 'test_accs': [0.91, 0.9525, 0.97, 0.955, 0.9475, 0.9725, 0.97, 0.97, 0.9675, 0.97]}, 'params': 176770, 'time': 1.6784400939941406}, '7_layers': {'final_train_acc': 0.9825, 'final_test_acc': 0.9675, 'history': {'train_losses': [0.3948981887102127, 0.17889591544866562, 0.11954870343208313, 0.10889203116297722, 0.08316101782023906, 0.10175278455018998, 0.07803923062980175, 0.07006919711828231, 0.06290588639676571, 0.054854731783270834], 'train_accs': [0.824375, 0.934375, 0.956875, 0.96375, 0.975, 0.958125, 0.975, 0.974375, 0.979375, 0.9825], 'test_losses': [0.20330236852169037, 0.12172530591487885, 0.09176807850599289, 0.08404285088181496, 0.07802576571702957, 0.08860486187040806, 0.07947609573602676, 0.07383416965603828, 0.06931406259536743, 0.07497266307473183], 'test_accs': [0.9125, 0.955, 0.9675, 0.9675, 0.975, 0.9625, 0.97, 0.975, 0.9725, 0.9675]}, 'params': 176770, 'time': 1.0834386348724365}}
2025-07-04 10:47:07,610 INFO Training model: 1_layer (hidden=[])
2025-07-04 10:47:09,685 INFO Experiment results: {'train_losses': [0.39522519886493684, 0.20681263774633407, 0.14484492167830468, 0.09433921873569488, 0.09851613238453866, 0.09030216172337532, 0.08683489315211773, 0.07366347387433052, 0.06083772026002407, 0.055976081490516666], 'train_accs': [0.82625, 0.919375, 0.945625, 0.965, 0.965, 0.97, 0.971875, 0.971875, 0.978125, 0.98], 'test_losses': [0.32166194915771484, 0.11656302958726883, 0.10706108808517456, 0.0915684849023819, 0.08527585305273533, 0.08497801050543785, 0.0863804891705513, 0.06767963990569115, 0.0807337574660778, 0.06561209633946419], 'test_accs': [0.8625, 0.9425, 0.9575, 0.9725, 0.97, 0.975, 0.97, 0.98, 0.9725, 0.98]}
2025-07-04 10:47:09,874 INFO 1_layer: Final train_acc=0.9800, test_acc=0.9800, time=2.07s, params=176770
2025-07-04 10:47:09,874 INFO Training model: 2_layers (hidden=[64])
2025-07-04 10:47:10,918 INFO Experiment results: {'train_losses': [0.4208136624097824, 0.19331541895866394, 0.1412410867214203, 0.1490212482213974, 0.1296709080040455, 0.08588680572807789, 0.07148879688233137, 0.06044861909002066, 0.08307888828217984, 0.07197706818580628], 'train_accs': [0.80125, 0.9275, 0.94625, 0.941875, 0.953125, 0.973125, 0.9775, 0.981875, 0.969375, 0.975], 'test_losses': [0.24388077855110168, 0.12764618173241615, 0.10410220548510551, 0.15855024009943008, 0.10390753671526909, 0.09494004398584366, 0.07705955393612385, 0.07239417731761932, 0.1371120624244213, 0.08027490973472595], 'test_accs': [0.895, 0.9525, 0.97, 0.9375, 0.9675, 0.965, 0.9725, 0.9725, 0.9625, 0.975]}
2025-07-04 10:47:11,085 INFO 2_layers: Final train_acc=0.9750, test_acc=0.9750, time=1.04s, params=176770
2025-07-04 10:47:11,085 INFO Training model: 3_layers (hidden=[128, 64])
2025-07-04 10:47:12,142 INFO Experiment results: {'train_losses': [0.40921274304389954, 0.19387048721313477, 0.13330116406083106, 0.10975887089967727, 0.0891365522146225, 0.07304124973714352, 0.08598949082195759, 0.06778396643698216, 0.05715565798804164, 0.059929974004626275], 'train_accs': [0.815, 0.925, 0.955, 0.96, 0.97125, 0.97375, 0.97, 0.97875, 0.978125, 0.97625], 'test_losses': [0.21982195228338242, 0.17045392096042633, 0.09096737205982208, 0.0741342231631279, 0.07657404989004135, 0.07159321196377277, 0.07556739076972008, 0.060026781633496284, 0.07181676477193832, 0.06981026940047741], 'test_accs': [0.9025, 0.93, 0.9675, 0.975, 0.9675, 0.9725, 0.9825, 0.975, 0.97, 0.975]}
2025-07-04 10:47:12,303 INFO 3_layers: Final train_acc=0.9762, test_acc=0.9750, time=1.06s, params=176770
2025-07-04 10:47:12,303 INFO Training model: 5_layers (hidden=[256, 128, 64, 32])
2025-07-04 10:47:13,375 INFO Experiment results: {'train_losses': [0.3946881186962128, 0.18639706522226335, 0.1345466324687004, 0.11003051072359085, 0.09181027621030807, 0.07881502754986286, 0.0657749742642045, 0.06267733987420797, 0.05808368232101202, 0.05902195241302252], 'train_accs': [0.8325, 0.928125, 0.95625, 0.965625, 0.96375, 0.973125, 0.97625, 0.980625, 0.98, 0.981875], 'test_losses': [0.20501643419265747, 0.12361445650458336, 0.0890696793794632, 0.08059537038207054, 0.07139330543577671, 0.07700980454683304, 0.06629030592739582, 0.07075357995927334, 0.07470729202032089, 0.08609971962869167], 'test_accs': [0.9175, 0.945, 0.98, 0.97, 0.97, 0.9775, 0.975, 0.9725, 0.97, 0.97]}
2025-07-04 10:47:13,540 INFO 5_layers: Final train_acc=0.9819, test_acc=0.9700, time=1.07s, params=176770
2025-07-04 10:47:13,540 INFO Training model: 7_layers (hidden=[512, 256, 128, 64, 32, 16])
2025-07-04 10:47:14,549 INFO Experiment results: {'train_losses': [0.41476810693740845, 0.20098927199840547, 0.1309992352873087, 0.10880943283438682, 0.11993590511381626, 0.08212488904595375, 0.07086007915437222, 0.08190696071833373, 0.05695597514510155, 0.06669690296053886], 'train_accs': [0.814375, 0.925, 0.951875, 0.9675, 0.95625, 0.973125, 0.976875, 0.969375, 0.981875, 0.974375], 'test_losses': [0.22903044521808624, 0.11074177920818329, 0.08019215054810047, 0.13445119559764862, 0.08889090269804001, 0.07866635546088219, 0.07196620292961597, 0.07543854974210262, 0.08152079023420811, 0.11199534684419632], 'test_accs': [0.895, 0.955, 0.9725, 0.9525, 0.975, 0.9725, 0.975, 0.9725, 0.975, 0.96]}
2025-07-04 10:47:14,731 INFO 7_layers: Final train_acc=0.9744, test_acc=0.9600, time=1.01s, params=176770
2025-07-04 10:47:14,731 INFO Experiment results: {'1_layer': {'final_train_acc': 0.98, 'final_test_acc': 0.98, 'history': {'train_losses': [0.39522519886493684, 0.20681263774633407, 0.14484492167830468, 0.09433921873569488, 0.09851613238453866, 0.09030216172337532, 0.08683489315211773, 0.07366347387433052, 0.06083772026002407, 0.055976081490516666], 'train_accs': [0.82625, 0.919375, 0.945625, 0.965, 0.965, 0.97, 0.971875, 0.971875, 0.978125, 0.98], 'test_losses': [0.32166194915771484, 0.11656302958726883, 0.10706108808517456, 0.0915684849023819, 0.08527585305273533, 0.08497801050543785, 0.0863804891705513, 0.06767963990569115, 0.0807337574660778, 0.06561209633946419], 'test_accs': [0.8625, 0.9425, 0.9575, 0.9725, 0.97, 0.975, 0.97, 0.98, 0.9725, 0.98]}, 'params': 176770, 'time': 2.074310779571533}, '2_layers': {'final_train_acc': 0.975, 'final_test_acc': 0.975, 'history': {'train_losses': [0.4208136624097824, 0.19331541895866394, 0.1412410867214203, 0.1490212482213974, 0.1296709080040455, 0.08588680572807789, 0.07148879688233137, 0.06044861909002066, 0.08307888828217984, 0.07197706818580628], 'train_accs': [0.80125, 0.9275, 0.94625, 0.941875, 0.953125, 0.973125, 0.9775, 0.981875, 0.969375, 0.975], 'test_losses': [0.24388077855110168, 0.12764618173241615, 0.10410220548510551, 0.15855024009943008, 0.10390753671526909, 0.09494004398584366, 0.07705955393612385, 0.07239417731761932, 0.1371120624244213, 0.08027490973472595], 'test_accs': [0.895, 0.9525, 0.97, 0.9375, 0.9675, 0.965, 0.9725, 0.9725, 0.9625, 0.975]}, 'params': 176770, 'time': 1.0422310829162598}, '3_layers': {'final_train_acc': 0.97625, 'final_test_acc': 0.975, 'history': {'train_losses': [0.40921274304389954, 0.19387048721313477, 0.13330116406083106, 0.10975887089967727, 0.0891365522146225, 0.07304124973714352, 0.08598949082195759, 0.06778396643698216, 0.05715565798804164, 0.059929974004626275], 'train_accs': [0.815, 0.925, 0.955, 0.96, 0.97125, 0.97375, 0.97, 0.97875, 0.978125, 0.97625], 'test_losses': [0.21982195228338242, 0.17045392096042633, 0.09096737205982208, 0.0741342231631279, 0.07657404989004135, 0.07159321196377277, 0.07556739076972008, 0.060026781633496284, 0.07181676477193832, 0.06981026940047741], 'test_accs': [0.9025, 0.93, 0.9675, 0.975, 0.9675, 0.9725, 0.9825, 0.975, 0.97, 0.975]}, 'params': 176770, 'time': 1.0550992488861084}, '5_layers': {'final_train_acc': 0.981875, 'final_test_acc': 0.97, 'history': {'train_losses': [0.3946881186962128, 0.18639706522226335, 0.1345466324687004, 0.11003051072359085, 0.09181027621030807, 0.07881502754986286, 0.0657749742642045, 0.06267733987420797, 0.05808368232101202, 0.05902195241302252], 'train_accs': [0.8325, 0.928125, 0.95625, 0.965625, 0.96375, 0.973125, 0.97625, 0.980625, 0.98, 0.981875], 'test_losses': [0.20501643419265747, 0.12361445650458336, 0.0890696793794632, 0.08059537038207054, 0.07139330543577671, 0.07700980454683304, 0.06629030592739582, 0.07075357995927334, 0.07470729202032089, 0.08609971962869167], 'test_accs': [0.9175, 0.945, 0.98, 0.97, 0.97, 0.9775, 0.975, 0.9725, 0.97, 0.97]}, 'params': 176770, 'time': 1.0712037086486816}, '7_layers': {'final_train_acc': 0.974375, 'final_test_acc': 0.96, 'history': {'train_losses': [0.41476810693740845, 0.20098927199840547, 0.1309992352873087, 0.10880943283438682, 0.11993590511381626, 0.08212488904595375, 0.07086007915437222, 0.08190696071833373, 0.05695597514510155, 0.06669690296053886], 'train_accs': [0.814375, 0.925, 0.951875, 0.9675, 0.95625, 0.973125, 0.976875, 0.969375, 0.981875, 0.974375], 'test_losses': [0.22903044521808624, 0.11074177920818329, 0.08019215054810047, 0.13445119559764862, 0.08889090269804001, 0.07866635546088219, 0.07196620292961597, 0.07543854974210262, 0.08152079023420811, 0.11199534684419632], 'test_accs': [0.895, 0.955, 0.9725, 0.9525, 0.975, 0.9725, 0.975, 0.9725, 0.975, 0.96]}, 'params': 176770, 'time': 1.0083918571472168}}
